INFO  2026-03-29T17:53:40.445+00:00 ThreadId(14) [1P:op-settings/src/store/json_store.rs:75] Settings file created @ 2026-02-19 20:54:40.098498800 UTC and last modified @ 2026-02-21 08:30:26.282004110 UTC
INFO  2026-03-29T17:53:40.452+00:00 ThreadId(14) [client:typescript] Client starting.
INFO  2026-03-29T17:53:40.551+00:00 1p-enable-crash-reporter(ThreadId(17)) [1P:op-b5-client/src/b5_client/features/mod.rs:384] Using feature-rollout-service for pre-registration features.
WARN  2026-03-29T17:53:40.551+00:00 1p-enable-crash-reporter(ThreadId(17)) [1P:op-b5-client/src/b5_client/features/mod.rs:443] Device UUID missing; setting headers to omit device UUID for pre-reg features request to service.
INFO  2026-03-29T17:53:40.554+00:00 ThreadId(14) [1P:op-localization/src/lib.rs:240] system locale detected as 'en-US'
INFO  2026-03-29T17:53:40.554+00:00 ThreadId(14) [1P:op-localization/src/lib.rs:266] selected translations for EN_US based on detected locale en-US
INFO  2026-03-29T17:53:40.554+00:00 ThreadId(14) [status:app/op-app/src/app.rs:1074] App::new(1Password for Linux/81206035 (EN_US), /home/<redacted-username>/.config/1Password)
INFO  2026-03-29T17:53:40.567+00:00 ThreadId(14) [1P:data/op-db/src/sqlite.rs:265] Core DB Integrity Check Succeeded
INFO  2026-03-29T17:53:40.567+00:00 ThreadId(14) [1P:data/op-db/src/sqlite.rs:359] Starting Core DB at version: 61
INFO  2026-03-29T17:53:40.567+00:00 ThreadId(14) [1P:data/op-db/src/sqlite.rs:234] Core DB Table Integrity Check Succeeded
INFO  2026-03-29T17:53:40.570+00:00 ThreadId(14) [1P:data/op-db/src/sqlite.rs:265] Resources DB Integrity Check Succeeded
INFO  2026-03-29T17:53:40.570+00:00 ThreadId(14) [1P:data/op-db/src/sqlite.rs:234] Resources DB Table Integrity Check Succeeded
INFO  2026-03-29T17:53:40.570+00:00 ThreadId(14) [1P:data/op-db/src/sqlite.rs:359] Starting Resources DB at version: 3
ERROR 2026-03-29T17:53:40.577+00:00 ThreadId(14) [1P:/mnt/ephemeral/builds/dev/core/core/ssh/op-ssh-config/src/lib.rs:251] Failed to start ssh config file watcher: Io(Os { code: 2, kind: NotFound, message: "No such file or directory" })
INFO  2026-03-29T17:53:40.578+00:00 runtime-worker(ThreadId(12)) [1P:op-b5-client/src/b5_client/features/mod.rs:384] Using feature-rollout-service for pre-registration features.
ERROR 2026-03-29T17:53:40.578+00:00 runtime-worker(ThreadId(12)) [1P:foundation/op-network-monitor/src/linux.rs:195] Failed to retrieve initial metering setting: MeteringQuery
INFO  2026-03-29T17:53:40.580+00:00 ThreadId(14) [1P:native-messaging/op-nm-installer/src/nix_utils.rs:68] Created NMH manifest at /home/<redacted-username>/.config/google-chrome/NativeMessagingHosts/com.1password.1password.json
INFO  2026-03-29T17:53:40.580+00:00 ThreadId(14) [1P:native-messaging/op-nm-installer/src/nix_utils.rs:68] Created NMH manifest at /home/<redacted-username>/.config/google-chrome-beta/NativeMessagingHosts/com.1password.1password.json
INFO  2026-03-29T17:53:40.580+00:00 ThreadId(14) [1P:native-messaging/op-nm-installer/src/nix_utils.rs:68] Created NMH manifest at /home/<redacted-username>/.config/google-chrome-unstable/NativeMessagingHosts/com.1password.1password.json
INFO  2026-03-29T17:53:40.580+00:00 ThreadId(14) [1P:native-messaging/op-nm-installer/src/nix_utils.rs:68] Created NMH manifest at /home/<redacted-username>/.config/chromium/NativeMessagingHosts/com.1password.1password.json
INFO  2026-03-29T17:53:40.580+00:00 ThreadId(14) [1P:native-messaging/op-nm-installer/src/nix_utils.rs:68] Created NMH manifest at /home/<redacted-username>/.config/microsoft-edge-dev/NativeMessagingHosts/com.1password.1password.json
INFO  2026-03-29T17:53:40.580+00:00 ThreadId(14) [1P:native-messaging/op-nm-installer/src/nix_utils.rs:68] Created NMH manifest at /home/<redacted-username>/.config/BraveSoftware/Brave-Browser/NativeMessagingHosts/com.1password.1password.json
INFO  2026-03-29T17:53:40.580+00:00 ThreadId(14) [1P:native-messaging/op-nm-installer/src/nix_utils.rs:68] Created NMH manifest at /home/<redacted-username>/.config/vivaldi/NativeMessagingHosts/com.1password.1password.json
INFO  2026-03-29T17:53:40.580+00:00 ThreadId(14) [1P:native-messaging/op-nm-installer/src/nix_utils.rs:68] Created NMH manifest at /home/<redacted-username>/.config/vivaldi-snapshot/NativeMessagingHosts/com.1password.1password.json
INFO  2026-03-29T17:53:40.580+00:00 ThreadId(14) [1P:native-messaging/op-nm-installer/src/nix_utils.rs:68] Created NMH manifest at /home/<redacted-username>/.mozilla/native-messaging-hosts/com.1password.1password.json
INFO  2026-03-29T17:53:40.580+00:00 ThreadId(14) [1P:native-messaging/op-nm-installer/src/nix_utils.rs:83] Successfully installed all native messaging manifests.
INFO  2026-03-29T17:53:40.580+00:00 runtime-worker(ThreadId(1)) [1P:op-global-shortcuts/src/node.rs:38] Global shortcut registration is not available on this system.
INFO  2026-03-29T17:53:40.580+00:00 runtime-worker(ThreadId(11)) [1P:op-global-shortcuts/src/node.rs:38] Global shortcut registration is not available on this system.
INFO  2026-03-29T17:53:40.581+00:00 ThreadId(14) [1P:app/op-app/src/app.rs:1757] initializing Developer Environment mount handler
INFO  2026-03-29T17:53:40.581+00:00 runtime-worker(ThreadId(12)) [1P:native-messaging/op-nm-installer/src/nix_utils.rs:68] Created NMH manifest at /home/<redacted-username>/.config/google-chrome/NativeMessagingHosts/com.1password.1password.json
INFO  2026-03-29T17:53:40.581+00:00 runtime-worker(ThreadId(12)) [1P:native-messaging/op-nm-installer/src/nix_utils.rs:68] Created NMH manifest at /home/<redacted-username>/.config/google-chrome-beta/NativeMessagingHosts/com.1password.1password.json
INFO  2026-03-29T17:53:40.581+00:00 runtime-worker(ThreadId(12)) [1P:native-messaging/op-nm-installer/src/nix_utils.rs:68] Created NMH manifest at /home/<redacted-username>/.config/google-chrome-unstable/NativeMessagingHosts/com.1password.1password.json
INFO  2026-03-29T17:53:40.581+00:00 runtime-worker(ThreadId(12)) [1P:native-messaging/op-nm-installer/src/nix_utils.rs:68] Created NMH manifest at /home/<redacted-username>/.config/chromium/NativeMessagingHosts/com.1password.1password.json
INFO  2026-03-29T17:53:40.581+00:00 runtime-worker(ThreadId(12)) [1P:native-messaging/op-nm-installer/src/nix_utils.rs:68] Created NMH manifest at /home/<redacted-username>/.config/microsoft-edge-dev/NativeMessagingHosts/com.1password.1password.json
INFO  2026-03-29T17:53:40.582+00:00 runtime-worker(ThreadId(12)) [1P:native-messaging/op-nm-installer/src/nix_utils.rs:68] Created NMH manifest at /home/<redacted-username>/.config/BraveSoftware/Brave-Browser/NativeMessagingHosts/com.1password.1password.json
INFO  2026-03-29T17:53:40.582+00:00 runtime-worker(ThreadId(12)) [1P:native-messaging/op-nm-installer/src/nix_utils.rs:68] Created NMH manifest at /home/<redacted-username>/.config/vivaldi/NativeMessagingHosts/com.1password.1password.json
INFO  2026-03-29T17:53:40.582+00:00 runtime-worker(ThreadId(12)) [1P:native-messaging/op-nm-installer/src/nix_utils.rs:68] Created NMH manifest at /home/<redacted-username>/.config/vivaldi-snapshot/NativeMessagingHosts/com.1password.1password.json
INFO  2026-03-29T17:53:40.582+00:00 runtime-worker(ThreadId(12)) [1P:native-messaging/op-nm-installer/src/nix_utils.rs:68] Created NMH manifest at /home/<redacted-username>/.mozilla/native-messaging-hosts/com.1password.1password.json
INFO  2026-03-29T17:53:40.582+00:00 runtime-worker(ThreadId(12)) [1P:native-messaging/op-nm-installer/src/nix_utils.rs:83] Successfully installed all native messaging manifests.
INFO  2026-03-29T17:53:40.591+00:00 runtime-worker(ThreadId(12)) [1P:app/op-app-common/src/unlocked_session_keepalive.rs:70] Starting unlocked session keepalive
ERROR 2026-03-29T17:53:40.593+00:00 runtime-worker(ThreadId(12)) [1P:native-messaging/op-native-core-integration/src/lib.rs:762] Listener on SETTING_STATUS has been dropped, unable to communicate changes made to browser SLS setting
INFO  2026-03-29T17:53:40.593+00:00 runtime-worker(ThreadId(1)) [1P:native-messaging/op-native-core-integration/src/lib.rs:568] Starting IPC listener on 1Password-BrowserSupport
ERROR 2026-03-29T17:53:40.593+00:00 ThreadId(14) [1P:ffi/op-core-node/src/lib.rs:559] Io(Os { code: 2, kind: NotFound, message: "No such file or directory" })
INFO  2026-03-29T17:53:40.593+00:00 runtime-worker(ThreadId(1)) [1P:native-messaging/op-native-core-integration/src/lib.rs:580] Active native core integration is awaiting messages
INFO  2026-03-29T17:53:40.594+00:00 runtime-worker(ThreadId(11)) [1P:ssh/op-agent-controller/src/lib.rs:584] Starting filesystem watcher for SSH agent configuration directories...
ERROR 2026-03-29T17:53:40.595+00:00 runtime-worker(ThreadId(11)) [1P:/mnt/ephemeral/builds/dev/core/core/ssh/op-agent-controller/src/lib.rs:585] Io(Os { code: 2, kind: NotFound, message: "No such file or directory" })
INFO  2026-03-29T17:53:40.628+00:00 runtime-worker(ThreadId(12)) [1P:native-messaging/op-native-core-integration/src/lib.rs:597] Extension connecting.
INFO  2026-03-29T17:53:41.066+00:00 1p-enable-crash-reporter(ThreadId(17)) [1P:op-crash-reporting/src/crash_handler.rs:276] Started crash handler thread
INFO  2026-03-29T17:53:58.140+00:00 runtime-worker(ThreadId(1)) [1P:app/op-app/src/app/backend/lock_screen.rs:107] System unlock is enabled: true
INFO  2026-03-29T17:53:58.142+00:00 runtime-worker(ThreadId(8)) [1P:app/op-app/src/app/backend/lock_screen.rs:990] Attempting to unlock with master password.
INFO  2026-03-29T17:53:58.246+00:00 runtime-worker(ThreadId(8)) [1P:/mnt/ephemeral/builds/dev/core/core/data/ext/op-account-ext-settings-authentication/src/lib.rs:241] loaded settings authentication key: 6ece948ade3540ca
INFO  2026-03-29T17:53:58.250+00:00 runtime-worker(ThreadId(1)) [1P:data/ext/op-account-ext-items/src/lib.rs:290] loaded 2 items in 3 vaults for account: ZGUATQA2DBF3JP3PVKIGHWEGTU
INFO  2026-03-29T17:53:58.251+00:00 runtime-worker(ThreadId(11)) [1P:op-telemetry/src/middleware/opt_state.rs:122] op-telemetry: account uuid 'ZGUATQA2DBF3JP3PVKIGHWEGTU' changed telemetry state to Decided(In)
ERROR 2026-03-29T17:53:58.251+00:00 runtime-worker(ThreadId(1)) [1P:op-auto-lock/src/linux.rs:220] Could not connect to the X server: XcbEventError
INFO  2026-03-29T17:53:58.252+00:00 runtime-worker(ThreadId(1)) [1P:data/ext/op-account-ext-settings-authentication/src/lib.rs:322] exactly one existing key found (6ece948ade3540ca). Applying it to any new accounts
INFO  2026-03-29T17:53:58.252+00:00 runtime-worker(ThreadId(1)) [1P:op-settings/src/store/json_store.rs:787] initializing settings authentication with key 6ece948ade3540ca
INFO  2026-03-29T17:53:58.253+00:00 runtime-worker(ThreadId(1)) [1P:app/op-app/src/app/backend/unlock.rs:196] Lock state changed: Unlocked
INFO  2026-03-29T17:53:58.253+00:00 runtime-worker(ThreadId(11)) [1P:app/op-app/src/app/backend/unlock.rs:290] Processing unlocked account ZGUATQA2DBF3JP3PVKIGHWEGTU
INFO  2026-03-29T17:53:58.354+00:00 runtime-worker(ThreadId(12)) [1P:data/op-account-system-unlock/src/lib.rs:776] Adding system unlock key. Verifying keysets can be decrypted.
INFO  2026-03-29T17:53:58.356+00:00 runtime-worker(ThreadId(12)) [1P:data/op-account-system-unlock/src/lib.rs:782] Adding system unlock key. Encrypting muk.
INFO  2026-03-29T17:53:58.356+00:00 ThreadId(19) [1P:data/op-account-system-unlock/src/lib.rs:788] Adding system unlock key. Updating account.
INFO  2026-03-29T17:53:58.444+00:00 runtime-worker(ThreadId(61)) [1P:app/op-app/src/app/backend/quick_access.rs:186] Getting suggestions for quick access
INFO  2026-03-29T17:53:58.453+00:00 runtime-worker(ThreadId(61)) [1P:app/op-app/src/app/backend/quick_access.rs:186] Getting suggestions for quick access
INFO  2026-03-29T17:53:59.546+00:00 runtime-worker(ThreadId(10)) [1P:op-b5-client/src/internal/unauthorized_session/auth_flow.rs:1041] Skipping MFA because server did not return MFA config
INFO  2026-03-29T17:53:59.772+00:00 runtime-worker(ThreadId(5)) [1P:data/op-syncer/src/sync_job.rs:477] synced account ZGUATQA2DBF3JP3PVKIGHWEGTU (0.003788138s)
INFO  2026-03-29T17:53:59.773+00:00 runtime-worker(ThreadId(5)) [1P:op-file-transfer/src/lib.rs:730] find_and_complete_pending_uploads: 'ZGUATQA2DBF3JP3PVKIGHWEGTU'
INFO  2026-03-29T17:53:59.778+00:00 runtime-worker(ThreadId(61)) [1P:app/op-app/src/app/backend/quick_access.rs:186] Getting suggestions for quick access
INFO  2026-03-29T17:53:59.890+00:00 runtime-worker(ThreadId(6)) [1P:op-b5-client/src/b5_client/features/mod.rs:384] Using feature-rollout-service for pre-registration features.
INFO  2026-03-29T17:53:59.973+00:00 runtime-worker(ThreadId(6)) [1P:data/ext/op-account-ext-syncer/src/lib.rs:250] The B5 Notifier for (ZGUATQA2DBF3JP3PVKIGHWEGTU) has connected, now monitoring for events.
INFO  2026-03-29T18:03:58.657+00:00 runtime-worker(ThreadId(10)) [1P:app/op-app-common/src/unlocked_session_keepalive.rs:313] Server session extension succeeded for account: ZGUATQA2DBF3JP3PVKIGHWEGTU
INFO  2026-03-29T18:13:59.145+00:00 runtime-worker(ThreadId(6)) [1P:app/op-app-common/src/unlocked_session_keepalive.rs:313] Server session extension succeeded for account: ZGUATQA2DBF3JP3PVKIGHWEGTU
WARN  2026-03-29T18:19:33.569+00:00 runtime-worker(ThreadId(5)) [1P:data/op-syncer/src/queue.rs:123] Syncer channel for versioned syncs hung up! Sync task will be shut down.
INFO  2026-03-29T18:19:33.569+00:00 runtime-worker(ThreadId(6)) [1P:app/op-app/src/app/backend/lock.rs:213] Lock state changed: Locked
INFO  2026-03-29T18:19:33.569+00:00 runtime-worker(ThreadId(6)) [1P:app/op-app/src/app/backend/lock.rs:248] Locked. Reason: Manual.
INFO  2026-03-29T18:19:33.569+00:00 runtime-worker(ThreadId(6)) [1P:app/op-app/src/app/backend/mycelium/task_management.rs:65] Received a Mycelium channel close request, ignoring request as no task is actively running
INFO  2026-03-29T18:22:04.568+00:00 runtime-worker(ThreadId(11)) [1P:app/op-app/src/app/backend/lock.rs:213] Lock state changed: Locked
INFO  2026-03-29T18:22:04.568+00:00 runtime-worker(ThreadId(11)) [1P:app/op-app/src/app/backend/lock.rs:248] Locked. Reason: Manual.
INFO  2026-03-29T18:22:04.568+00:00 runtime-worker(ThreadId(1)) [1P:app/op-app/src/app/backend/mycelium/task_management.rs:65] Received a Mycelium channel close request, ignoring request as no task is actively running
INFO  2026-03-29T19:50:56.523+00:00 runtime-worker(ThreadId(11)) [1P:app/op-app/src/app/backend/lock.rs:213] Lock state changed: Locked
INFO  2026-03-29T19:50:56.523+00:00 runtime-worker(ThreadId(11)) [1P:app/op-app/src/app/backend/lock.rs:248] Locked. Reason: Manual.
INFO  2026-03-29T19:50:56.524+00:00 runtime-worker(ThreadId(5)) [1P:app/op-app/src/app/backend/mycelium/task_management.rs:65] Received a Mycelium channel close request, ignoring request as no task is actively running
INFO  2026-03-29T21:31:36.519+00:00 runtime-worker(ThreadId(1)) [1P:app/op-app/src/app/backend/lock.rs:213] Lock state changed: Locked
INFO  2026-03-29T21:31:36.519+00:00 runtime-worker(ThreadId(1)) [1P:app/op-app/src/app/backend/lock.rs:248] Locked. Reason: Manual.
INFO  2026-03-29T21:31:36.519+00:00 runtime-worker(ThreadId(1)) [1P:app/op-app/src/app/backend/mycelium/task_management.rs:65] Received a Mycelium channel close request, ignoring request as no task is actively running
ERROR 2026-03-29T22:03:24.929+00:00 runtime-worker(ThreadId(1)) [1P:native-messaging/op-native-core-integration/src/connection_handler.rs:92] message from b5x was None: EndConnection
ERROR 2026-03-29T22:03:24.929+00:00 runtime-worker(ThreadId(1)) [1P:native-messaging/op-native-core-integration/src/connection_handler.rs:56] Dropping connection with b5x due to error handling incoming message: EndConnection
ERROR 2026-03-29T22:03:26.881+00:00 ThreadId(14) [1P:op-crash-reporting/src/crash_handler.rs:257] Failed to prepare for requesting dump
