INFO  2026-03-26T21:28:45.901+00:00 ThreadId(14) [1P:op-settings/src/store/json_store.rs:75] Settings file created @ 2026-02-19 20:54:40.098498800 UTC and last modified @ 2026-02-21 08:30:26.282004110 UTC
INFO  2026-03-26T21:28:45.913+00:00 ThreadId(14) [client:typescript] Client starting.
INFO  2026-03-26T21:28:46.028+00:00 1p-enable-crash-reporter(ThreadId(17)) [1P:op-b5-client/src/b5_client/features/mod.rs:384] Using feature-rollout-service for pre-registration features.
WARN  2026-03-26T21:28:46.028+00:00 1p-enable-crash-reporter(ThreadId(17)) [1P:op-b5-client/src/b5_client/features/mod.rs:443] Device UUID missing; setting headers to omit device UUID for pre-reg features request to service.
INFO  2026-03-26T21:28:46.032+00:00 ThreadId(14) [1P:op-localization/src/lib.rs:240] system locale detected as 'en-US'
INFO  2026-03-26T21:28:46.032+00:00 ThreadId(14) [1P:op-localization/src/lib.rs:266] selected translations for EN_US based on detected locale en-US
INFO  2026-03-26T21:28:46.032+00:00 ThreadId(14) [status:app/op-app/src/app.rs:1074] App::new(1Password for Linux/81206035 (EN_US), /home/<redacted-username>/.config/1Password)
INFO  2026-03-26T21:28:46.045+00:00 ThreadId(14) [1P:data/op-db/src/sqlite.rs:265] Core DB Integrity Check Succeeded
INFO  2026-03-26T21:28:46.045+00:00 ThreadId(14) [1P:data/op-db/src/sqlite.rs:359] Starting Core DB at version: 61
INFO  2026-03-26T21:28:46.045+00:00 ThreadId(14) [1P:data/op-db/src/sqlite.rs:234] Core DB Table Integrity Check Succeeded
INFO  2026-03-26T21:28:46.050+00:00 ThreadId(14) [1P:data/op-db/src/sqlite.rs:265] Resources DB Integrity Check Succeeded
INFO  2026-03-26T21:28:46.050+00:00 ThreadId(14) [1P:data/op-db/src/sqlite.rs:234] Resources DB Table Integrity Check Succeeded
INFO  2026-03-26T21:28:46.051+00:00 ThreadId(14) [1P:data/op-db/src/sqlite.rs:359] Starting Resources DB at version: 3
ERROR 2026-03-26T21:28:46.063+00:00 ThreadId(14) [1P:/mnt/ephemeral/builds/dev/core/core/ssh/op-ssh-config/src/lib.rs:251] Failed to start ssh config file watcher: Io(Os { code: 2, kind: NotFound, message: "No such file or directory" })
INFO  2026-03-26T21:28:46.064+00:00 runtime-worker(ThreadId(10)) [1P:op-b5-client/src/b5_client/features/mod.rs:384] Using feature-rollout-service for pre-registration features.
ERROR 2026-03-26T21:28:46.066+00:00 runtime-worker(ThreadId(10)) [1P:foundation/op-network-monitor/src/linux.rs:195] Failed to retrieve initial metering setting: MeteringQuery
INFO  2026-03-26T21:28:46.068+00:00 ThreadId(14) [1P:native-messaging/op-nm-installer/src/nix_utils.rs:68] Created NMH manifest at /home/<redacted-username>/.config/google-chrome/NativeMessagingHosts/com.1password.1password.json
INFO  2026-03-26T21:28:46.068+00:00 ThreadId(14) [1P:native-messaging/op-nm-installer/src/nix_utils.rs:68] Created NMH manifest at /home/<redacted-username>/.config/google-chrome-beta/NativeMessagingHosts/com.1password.1password.json
INFO  2026-03-26T21:28:46.068+00:00 ThreadId(14) [1P:native-messaging/op-nm-installer/src/nix_utils.rs:68] Created NMH manifest at /home/<redacted-username>/.config/google-chrome-unstable/NativeMessagingHosts/com.1password.1password.json
INFO  2026-03-26T21:28:46.068+00:00 ThreadId(14) [1P:native-messaging/op-nm-installer/src/nix_utils.rs:68] Created NMH manifest at /home/<redacted-username>/.config/chromium/NativeMessagingHosts/com.1password.1password.json
INFO  2026-03-26T21:28:46.068+00:00 ThreadId(14) [1P:native-messaging/op-nm-installer/src/nix_utils.rs:68] Created NMH manifest at /home/<redacted-username>/.config/microsoft-edge-dev/NativeMessagingHosts/com.1password.1password.json
INFO  2026-03-26T21:28:46.068+00:00 ThreadId(14) [1P:native-messaging/op-nm-installer/src/nix_utils.rs:68] Created NMH manifest at /home/<redacted-username>/.config/BraveSoftware/Brave-Browser/NativeMessagingHosts/com.1password.1password.json
INFO  2026-03-26T21:28:46.068+00:00 ThreadId(14) [1P:native-messaging/op-nm-installer/src/nix_utils.rs:68] Created NMH manifest at /home/<redacted-username>/.config/vivaldi/NativeMessagingHosts/com.1password.1password.json
INFO  2026-03-26T21:28:46.068+00:00 ThreadId(14) [1P:native-messaging/op-nm-installer/src/nix_utils.rs:68] Created NMH manifest at /home/<redacted-username>/.config/vivaldi-snapshot/NativeMessagingHosts/com.1password.1password.json
INFO  2026-03-26T21:28:46.069+00:00 ThreadId(14) [1P:native-messaging/op-nm-installer/src/nix_utils.rs:68] Created NMH manifest at /home/<redacted-username>/.mozilla/native-messaging-hosts/com.1password.1password.json
INFO  2026-03-26T21:28:46.069+00:00 ThreadId(14) [1P:native-messaging/op-nm-installer/src/nix_utils.rs:83] Successfully installed all native messaging manifests.
INFO  2026-03-26T21:28:46.069+00:00 runtime-worker(ThreadId(7)) [1P:op-global-shortcuts/src/node.rs:38] Global shortcut registration is not available on this system.
INFO  2026-03-26T21:28:46.069+00:00 runtime-worker(ThreadId(8)) [1P:op-global-shortcuts/src/node.rs:38] Global shortcut registration is not available on this system.
INFO  2026-03-26T21:28:46.069+00:00 ThreadId(14) [1P:app/op-app/src/app.rs:1757] initializing Developer Environment mount handler
INFO  2026-03-26T21:28:46.069+00:00 runtime-worker(ThreadId(9)) [1P:native-messaging/op-nm-installer/src/nix_utils.rs:68] Created NMH manifest at /home/<redacted-username>/.config/google-chrome/NativeMessagingHosts/com.1password.1password.json
INFO  2026-03-26T21:28:46.069+00:00 runtime-worker(ThreadId(9)) [1P:native-messaging/op-nm-installer/src/nix_utils.rs:68] Created NMH manifest at /home/<redacted-username>/.config/google-chrome-beta/NativeMessagingHosts/com.1password.1password.json
INFO  2026-03-26T21:28:46.069+00:00 runtime-worker(ThreadId(9)) [1P:native-messaging/op-nm-installer/src/nix_utils.rs:68] Created NMH manifest at /home/<redacted-username>/.config/google-chrome-unstable/NativeMessagingHosts/com.1password.1password.json
INFO  2026-03-26T21:28:46.069+00:00 runtime-worker(ThreadId(9)) [1P:native-messaging/op-nm-installer/src/nix_utils.rs:68] Created NMH manifest at /home/<redacted-username>/.config/chromium/NativeMessagingHosts/com.1password.1password.json
INFO  2026-03-26T21:28:46.070+00:00 runtime-worker(ThreadId(9)) [1P:native-messaging/op-nm-installer/src/nix_utils.rs:68] Created NMH manifest at /home/<redacted-username>/.config/microsoft-edge-dev/NativeMessagingHosts/com.1password.1password.json
INFO  2026-03-26T21:28:46.070+00:00 runtime-worker(ThreadId(9)) [1P:native-messaging/op-nm-installer/src/nix_utils.rs:68] Created NMH manifest at /home/<redacted-username>/.config/BraveSoftware/Brave-Browser/NativeMessagingHosts/com.1password.1password.json
INFO  2026-03-26T21:28:46.070+00:00 runtime-worker(ThreadId(9)) [1P:native-messaging/op-nm-installer/src/nix_utils.rs:68] Created NMH manifest at /home/<redacted-username>/.config/vivaldi/NativeMessagingHosts/com.1password.1password.json
INFO  2026-03-26T21:28:46.070+00:00 runtime-worker(ThreadId(9)) [1P:native-messaging/op-nm-installer/src/nix_utils.rs:68] Created NMH manifest at /home/<redacted-username>/.config/vivaldi-snapshot/NativeMessagingHosts/com.1password.1password.json
INFO  2026-03-26T21:28:46.070+00:00 runtime-worker(ThreadId(9)) [1P:native-messaging/op-nm-installer/src/nix_utils.rs:68] Created NMH manifest at /home/<redacted-username>/.mozilla/native-messaging-hosts/com.1password.1password.json
INFO  2026-03-26T21:28:46.070+00:00 runtime-worker(ThreadId(9)) [1P:native-messaging/op-nm-installer/src/nix_utils.rs:83] Successfully installed all native messaging manifests.
INFO  2026-03-26T21:28:46.080+00:00 runtime-worker(ThreadId(8)) [1P:app/op-app-common/src/unlocked_session_keepalive.rs:70] Starting unlocked session keepalive
ERROR 2026-03-26T21:28:46.085+00:00 runtime-worker(ThreadId(6)) [1P:native-messaging/op-native-core-integration/src/lib.rs:762] Listener on SETTING_STATUS has been dropped, unable to communicate changes made to browser SLS setting
INFO  2026-03-26T21:28:46.085+00:00 runtime-worker(ThreadId(6)) [1P:native-messaging/op-native-core-integration/src/lib.rs:568] Starting IPC listener on 1Password-BrowserSupport
ERROR 2026-03-26T21:28:46.085+00:00 ThreadId(14) [1P:ffi/op-core-node/src/lib.rs:559] Io(Os { code: 2, kind: NotFound, message: "No such file or directory" })
INFO  2026-03-26T21:28:46.085+00:00 runtime-worker(ThreadId(6)) [1P:native-messaging/op-native-core-integration/src/lib.rs:580] Active native core integration is awaiting messages
INFO  2026-03-26T21:28:46.089+00:00 runtime-worker(ThreadId(1)) [1P:ssh/op-agent-controller/src/lib.rs:584] Starting filesystem watcher for SSH agent configuration directories...
ERROR 2026-03-26T21:28:46.090+00:00 runtime-worker(ThreadId(1)) [1P:/mnt/ephemeral/builds/dev/core/core/ssh/op-agent-controller/src/lib.rs:585] Io(Os { code: 2, kind: NotFound, message: "No such file or directory" })
INFO  2026-03-26T21:28:46.091+00:00 runtime-worker(ThreadId(8)) [1P:native-messaging/op-native-core-integration/src/lib.rs:597] Extension connecting.
INFO  2026-03-26T21:28:46.585+00:00 1p-enable-crash-reporter(ThreadId(17)) [1P:op-crash-reporting/src/crash_handler.rs:276] Started crash handler thread
INFO  2026-03-26T21:28:56.830+00:00 runtime-worker(ThreadId(10)) [1P:app/op-app/src/app/backend/lock_screen.rs:107] System unlock is enabled: true
INFO  2026-03-26T21:28:56.832+00:00 runtime-worker(ThreadId(9)) [1P:app/op-app/src/app/backend/lock_screen.rs:990] Attempting to unlock with master password.
INFO  2026-03-26T21:28:56.973+00:00 runtime-worker(ThreadId(9)) [1P:/mnt/ephemeral/builds/dev/core/core/data/ext/op-account-ext-settings-authentication/src/lib.rs:241] loaded settings authentication key: 6ece948ade3540ca
INFO  2026-03-26T21:28:56.978+00:00 runtime-worker(ThreadId(9)) [1P:data/ext/op-account-ext-items/src/lib.rs:290] loaded 2 items in 3 vaults for account: ZGUATQA2DBF3JP3PVKIGHWEGTU
INFO  2026-03-26T21:28:56.980+00:00 runtime-worker(ThreadId(10)) [1P:op-telemetry/src/middleware/opt_state.rs:122] op-telemetry: account uuid 'ZGUATQA2DBF3JP3PVKIGHWEGTU' changed telemetry state to Decided(In)
ERROR 2026-03-26T21:28:56.981+00:00 runtime-worker(ThreadId(9)) [1P:op-auto-lock/src/linux.rs:220] Could not connect to the X server: XcbEventError
INFO  2026-03-26T21:28:56.981+00:00 runtime-worker(ThreadId(9)) [1P:data/ext/op-account-ext-settings-authentication/src/lib.rs:322] exactly one existing key found (6ece948ade3540ca). Applying it to any new accounts
INFO  2026-03-26T21:28:56.981+00:00 runtime-worker(ThreadId(9)) [1P:op-settings/src/store/json_store.rs:787] initializing settings authentication with key 6ece948ade3540ca
INFO  2026-03-26T21:28:56.981+00:00 runtime-worker(ThreadId(10)) [1P:app/op-app/src/app/backend/unlock.rs:196] Lock state changed: Unlocked
INFO  2026-03-26T21:28:56.984+00:00 runtime-worker(ThreadId(10)) [1P:app/op-app/src/app/backend/unlock.rs:290] Processing unlocked account ZGUATQA2DBF3JP3PVKIGHWEGTU
INFO  2026-03-26T21:28:57.127+00:00 runtime-worker(ThreadId(8)) [1P:data/op-account-system-unlock/src/lib.rs:776] Adding system unlock key. Verifying keysets can be decrypted.
INFO  2026-03-26T21:28:57.130+00:00 runtime-worker(ThreadId(8)) [1P:data/op-account-system-unlock/src/lib.rs:782] Adding system unlock key. Encrypting muk.
INFO  2026-03-26T21:28:57.131+00:00 ThreadId(19) [1P:data/op-account-system-unlock/src/lib.rs:788] Adding system unlock key. Updating account.
INFO  2026-03-26T21:28:57.233+00:00 runtime-worker(ThreadId(62)) [1P:app/op-app/src/app/backend/quick_access.rs:186] Getting suggestions for quick access
INFO  2026-03-26T21:28:57.248+00:00 runtime-worker(ThreadId(76)) [1P:app/op-app/src/app/backend/quick_access.rs:186] Getting suggestions for quick access
INFO  2026-03-26T21:28:58.319+00:00 runtime-worker(ThreadId(10)) [1P:op-b5-client/src/internal/unauthorized_session/auth_flow.rs:1041] Skipping MFA because server did not return MFA config
INFO  2026-03-26T21:28:58.614+00:00 runtime-worker(ThreadId(7)) [1P:op-b5-client/src/b5_client/features/mod.rs:384] Using feature-rollout-service for pre-registration features.
INFO  2026-03-26T21:28:58.618+00:00 runtime-worker(ThreadId(7)) [1P:data/op-syncer/src/sync_job.rs:477] synced account ZGUATQA2DBF3JP3PVKIGHWEGTU (0.004418998s)
INFO  2026-03-26T21:28:58.618+00:00 runtime-worker(ThreadId(7)) [1P:op-file-transfer/src/lib.rs:730] find_and_complete_pending_uploads: 'ZGUATQA2DBF3JP3PVKIGHWEGTU'
INFO  2026-03-26T21:28:58.624+00:00 runtime-worker(ThreadId(76)) [1P:app/op-app/src/app/backend/quick_access.rs:186] Getting suggestions for quick access
INFO  2026-03-26T21:28:58.760+00:00 runtime-worker(ThreadId(7)) [1P:data/ext/op-account-ext-syncer/src/lib.rs:250] The B5 Notifier for (ZGUATQA2DBF3JP3PVKIGHWEGTU) has connected, now monitoring for events.
INFO  2026-03-26T21:38:57.420+00:00 runtime-worker(ThreadId(6)) [1P:app/op-app-common/src/unlocked_session_keepalive.rs:313] Server session extension succeeded for account: ZGUATQA2DBF3JP3PVKIGHWEGTU
INFO  2026-03-26T21:48:57.835+00:00 runtime-worker(ThreadId(6)) [1P:app/op-app-common/src/unlocked_session_keepalive.rs:313] Server session extension succeeded for account: ZGUATQA2DBF3JP3PVKIGHWEGTU
INFO  2026-03-26T21:58:58.261+00:00 runtime-worker(ThreadId(12)) [1P:app/op-app-common/src/unlocked_session_keepalive.rs:313] Server session extension succeeded for account: ZGUATQA2DBF3JP3PVKIGHWEGTU
INFO  2026-03-26T22:08:58.683+00:00 runtime-worker(ThreadId(7)) [1P:app/op-app-common/src/unlocked_session_keepalive.rs:313] Server session extension succeeded for account: ZGUATQA2DBF3JP3PVKIGHWEGTU
WARN  2026-03-26T22:18:48.273+00:00 runtime-worker(ThreadId(9)) [1P:data/op-syncer/src/queue.rs:123] Syncer channel for versioned syncs hung up! Sync task will be shut down.
INFO  2026-03-26T22:18:48.273+00:00 runtime-worker(ThreadId(6)) [1P:app/op-app/src/app/backend/lock.rs:213] Lock state changed: Locked
INFO  2026-03-26T22:18:48.273+00:00 runtime-worker(ThreadId(6)) [1P:app/op-app/src/app/backend/lock.rs:248] Locked. Reason: Manual.
INFO  2026-03-26T22:18:48.273+00:00 runtime-worker(ThreadId(12)) [1P:app/op-app/src/app/backend/mycelium/task_management.rs:65] Received a Mycelium channel close request, ignoring request as no task is actively running
INFO  2026-03-26T22:41:01.428+00:00 runtime-worker(ThreadId(83)) [1P:foundation/op-system-auth/src/lib.rs:344] Biometry is available for 1 or more accounts
INFO  2026-03-26T22:41:07.144+00:00 runtime-worker(ThreadId(9)) [1P:/mnt/ephemeral/builds/dev/core/core/data/ext/op-account-ext-settings-authentication/src/lib.rs:241] loaded settings authentication key: 6ece948ade3540ca
INFO  2026-03-26T22:41:07.148+00:00 runtime-worker(ThreadId(7)) [1P:data/ext/op-account-ext-items/src/lib.rs:290] loaded 2 items in 3 vaults for account: ZGUATQA2DBF3JP3PVKIGHWEGTU
ERROR 2026-03-26T22:41:07.150+00:00 runtime-worker(ThreadId(7)) [1P:op-auto-lock/src/linux.rs:220] Could not connect to the X server: XcbEventError
INFO  2026-03-26T22:41:07.150+00:00 runtime-worker(ThreadId(7)) [1P:data/ext/op-account-ext-settings-authentication/src/lib.rs:322] exactly one existing key found (6ece948ade3540ca). Applying it to any new accounts
INFO  2026-03-26T22:41:07.150+00:00 runtime-worker(ThreadId(7)) [1P:op-settings/src/store/json_store.rs:787] initializing settings authentication with key 6ece948ade3540ca
INFO  2026-03-26T22:41:07.150+00:00 runtime-worker(ThreadId(4)) [1P:app/op-app/src/app/backend/unlock.rs:196] Lock state changed: Unlocked
INFO  2026-03-26T22:41:07.150+00:00 runtime-worker(ThreadId(3)) [1P:app/op-app/src/app/backend/unlock.rs:290] Processing unlocked account ZGUATQA2DBF3JP3PVKIGHWEGTU
INFO  2026-03-26T22:41:07.152+00:00 ThreadId(14) [client:typescript] Settings file changed.
INFO  2026-03-26T22:41:07.422+00:00 runtime-worker(ThreadId(83)) [1P:app/op-app/src/app/backend/quick_access.rs:186] Getting suggestions for quick access
INFO  2026-03-26T22:41:07.437+00:00 runtime-worker(ThreadId(85)) [1P:app/op-app/src/app/backend/quick_access.rs:186] Getting suggestions for quick access
INFO  2026-03-26T22:41:08.355+00:00 runtime-worker(ThreadId(8)) [1P:op-b5-client/src/internal/unauthorized_session/auth_flow.rs:1041] Skipping MFA because server did not return MFA config
INFO  2026-03-26T22:41:08.549+00:00 runtime-worker(ThreadId(4)) [1P:data/op-syncer/src/sync_job.rs:477] synced account ZGUATQA2DBF3JP3PVKIGHWEGTU (0.00424731s)
INFO  2026-03-26T22:41:08.549+00:00 runtime-worker(ThreadId(4)) [1P:op-file-transfer/src/lib.rs:730] find_and_complete_pending_uploads: 'ZGUATQA2DBF3JP3PVKIGHWEGTU'
INFO  2026-03-26T22:41:08.559+00:00 runtime-worker(ThreadId(83)) [1P:app/op-app/src/app/backend/quick_access.rs:186] Getting suggestions for quick access
INFO  2026-03-26T22:41:08.661+00:00 runtime-worker(ThreadId(5)) [1P:op-b5-client/src/b5_client/features/mod.rs:384] Using feature-rollout-service for pre-registration features.
INFO  2026-03-26T22:41:08.790+00:00 runtime-worker(ThreadId(3)) [1P:data/ext/op-account-ext-syncer/src/lib.rs:250] The B5 Notifier for (ZGUATQA2DBF3JP3PVKIGHWEGTU) has connected, now monitoring for events.
INFO  2026-03-26T22:51:07.560+00:00 runtime-worker(ThreadId(8)) [1P:app/op-app-common/src/unlocked_session_keepalive.rs:313] Server session extension succeeded for account: ZGUATQA2DBF3JP3PVKIGHWEGTU
WARN  2026-03-26T22:59:29.091+00:00 runtime-worker(ThreadId(4)) [1P:data/op-syncer/src/queue.rs:123] Syncer channel for versioned syncs hung up! Sync task will be shut down.
INFO  2026-03-26T22:59:29.091+00:00 runtime-worker(ThreadId(8)) [1P:app/op-app/src/app/backend/lock.rs:213] Lock state changed: Locked
INFO  2026-03-26T22:59:29.091+00:00 runtime-worker(ThreadId(8)) [1P:app/op-app/src/app/backend/lock.rs:248] Locked. Reason: Manual.
INFO  2026-03-26T22:59:29.091+00:00 runtime-worker(ThreadId(8)) [1P:app/op-app/src/app/backend/mycelium/task_management.rs:65] Received a Mycelium channel close request, ignoring request as no task is actively running
INFO  2026-03-26T23:24:31.547+00:00 runtime-worker(ThreadId(12)) [1P:app/op-app/src/app/backend/lock.rs:213] Lock state changed: Locked
INFO  2026-03-26T23:24:31.547+00:00 runtime-worker(ThreadId(12)) [1P:app/op-app/src/app/backend/lock.rs:248] Locked. Reason: Manual.
INFO  2026-03-26T23:24:31.547+00:00 runtime-worker(ThreadId(5)) [1P:app/op-app/src/app/backend/mycelium/task_management.rs:65] Received a Mycelium channel close request, ignoring request as no task is actively running
ERROR 2026-03-26T23:24:56.986+00:00 runtime-worker(ThreadId(9)) [1P:native-messaging/op-native-core-integration/src/connection_handler.rs:92] message from b5x was None: EndConnection
ERROR 2026-03-26T23:24:56.986+00:00 runtime-worker(ThreadId(9)) [1P:native-messaging/op-native-core-integration/src/connection_handler.rs:56] Dropping connection with b5x due to error handling incoming message: EndConnection
ERROR 2026-03-26T23:24:58.976+00:00 ThreadId(14) [1P:op-crash-reporting/src/crash_handler.rs:257] Failed to prepare for requesting dump
