INFO  2026-03-28T16:35:45.633+00:00 ThreadId(1) [1P:foundation/op-log/src/lib.rs:688] Removed 5 old log files
INFO  2026-03-28T16:35:45.643+00:00 ThreadId(1) [1P:op-settings/src/store/json_store.rs:75] Settings file created @ 2026-02-19 20:54:40.098498800 UTC and last modified @ 2026-02-21 08:30:26.282004110 UTC
INFO  2026-03-28T16:35:45.655+00:00 ThreadId(1) [client:typescript] Client starting.
INFO  2026-03-28T16:35:45.770+00:00 1p-enable-crash-reporter(ThreadId(17)) [1P:op-b5-client/src/b5_client/features/mod.rs:384] Using feature-rollout-service for pre-registration features.
WARN  2026-03-28T16:35:45.770+00:00 1p-enable-crash-reporter(ThreadId(17)) [1P:op-b5-client/src/b5_client/features/mod.rs:443] Device UUID missing; setting headers to omit device UUID for pre-reg features request to service.
INFO  2026-03-28T16:35:45.774+00:00 ThreadId(1) [1P:op-localization/src/lib.rs:240] system locale detected as 'en-US'
INFO  2026-03-28T16:35:45.774+00:00 ThreadId(1) [1P:op-localization/src/lib.rs:266] selected translations for EN_US based on detected locale en-US
INFO  2026-03-28T16:35:45.774+00:00 ThreadId(1) [status:app/op-app/src/app.rs:1074] App::new(1Password for Linux/81206035 (EN_US), /home/<redacted-username>/.config/1Password)
INFO  2026-03-28T16:35:45.786+00:00 ThreadId(1) [1P:data/op-db/src/sqlite.rs:265] Core DB Integrity Check Succeeded
INFO  2026-03-28T16:35:45.786+00:00 ThreadId(1) [1P:data/op-db/src/sqlite.rs:359] Starting Core DB at version: 61
INFO  2026-03-28T16:35:45.787+00:00 ThreadId(1) [1P:data/op-db/src/sqlite.rs:234] Core DB Table Integrity Check Succeeded
INFO  2026-03-28T16:35:45.791+00:00 ThreadId(1) [1P:data/op-db/src/sqlite.rs:265] Resources DB Integrity Check Succeeded
INFO  2026-03-28T16:35:45.791+00:00 ThreadId(1) [1P:data/op-db/src/sqlite.rs:234] Resources DB Table Integrity Check Succeeded
INFO  2026-03-28T16:35:45.791+00:00 ThreadId(1) [1P:data/op-db/src/sqlite.rs:359] Starting Resources DB at version: 3
ERROR 2026-03-28T16:35:45.802+00:00 ThreadId(1) [1P:/mnt/ephemeral/builds/dev/core/core/ssh/op-ssh-config/src/lib.rs:251] Failed to start ssh config file watcher: Io(Os { code: 2, kind: NotFound, message: "No such file or directory" })
INFO  2026-03-28T16:35:45.803+00:00 runtime-worker(ThreadId(8)) [1P:op-b5-client/src/b5_client/features/mod.rs:384] Using feature-rollout-service for pre-registration features.
ERROR 2026-03-28T16:35:45.804+00:00 runtime-worker(ThreadId(8)) [1P:foundation/op-network-monitor/src/linux.rs:195] Failed to retrieve initial metering setting: MeteringQuery
INFO  2026-03-28T16:35:45.806+00:00 ThreadId(1) [1P:native-messaging/op-nm-installer/src/nix_utils.rs:68] Created NMH manifest at /home/<redacted-username>/.config/google-chrome/NativeMessagingHosts/com.1password.1password.json
INFO  2026-03-28T16:35:45.806+00:00 ThreadId(1) [1P:native-messaging/op-nm-installer/src/nix_utils.rs:68] Created NMH manifest at /home/<redacted-username>/.config/google-chrome-beta/NativeMessagingHosts/com.1password.1password.json
INFO  2026-03-28T16:35:45.807+00:00 ThreadId(1) [1P:native-messaging/op-nm-installer/src/nix_utils.rs:68] Created NMH manifest at /home/<redacted-username>/.config/google-chrome-unstable/NativeMessagingHosts/com.1password.1password.json
INFO  2026-03-28T16:35:45.807+00:00 ThreadId(1) [1P:native-messaging/op-nm-installer/src/nix_utils.rs:68] Created NMH manifest at /home/<redacted-username>/.config/chromium/NativeMessagingHosts/com.1password.1password.json
INFO  2026-03-28T16:35:45.807+00:00 ThreadId(1) [1P:native-messaging/op-nm-installer/src/nix_utils.rs:68] Created NMH manifest at /home/<redacted-username>/.config/microsoft-edge-dev/NativeMessagingHosts/com.1password.1password.json
INFO  2026-03-28T16:35:45.807+00:00 ThreadId(1) [1P:native-messaging/op-nm-installer/src/nix_utils.rs:68] Created NMH manifest at /home/<redacted-username>/.config/BraveSoftware/Brave-Browser/NativeMessagingHosts/com.1password.1password.json
INFO  2026-03-28T16:35:45.807+00:00 ThreadId(1) [1P:native-messaging/op-nm-installer/src/nix_utils.rs:68] Created NMH manifest at /home/<redacted-username>/.config/vivaldi/NativeMessagingHosts/com.1password.1password.json
INFO  2026-03-28T16:35:45.807+00:00 ThreadId(1) [1P:native-messaging/op-nm-installer/src/nix_utils.rs:68] Created NMH manifest at /home/<redacted-username>/.config/vivaldi-snapshot/NativeMessagingHosts/com.1password.1password.json
INFO  2026-03-28T16:35:45.807+00:00 ThreadId(1) [1P:native-messaging/op-nm-installer/src/nix_utils.rs:68] Created NMH manifest at /home/<redacted-username>/.mozilla/native-messaging-hosts/com.1password.1password.json
INFO  2026-03-28T16:35:45.807+00:00 ThreadId(1) [1P:native-messaging/op-nm-installer/src/nix_utils.rs:83] Successfully installed all native messaging manifests.
INFO  2026-03-28T16:35:45.807+00:00 runtime-worker(ThreadId(8)) [1P:op-global-shortcuts/src/node.rs:38] Global shortcut registration is not available on this system.
INFO  2026-03-28T16:35:45.807+00:00 runtime-worker(ThreadId(11)) [1P:op-global-shortcuts/src/node.rs:38] Global shortcut registration is not available on this system.
INFO  2026-03-28T16:35:45.808+00:00 ThreadId(1) [1P:app/op-app/src/app.rs:1757] initializing Developer Environment mount handler
INFO  2026-03-28T16:35:45.808+00:00 runtime-worker(ThreadId(10)) [1P:native-messaging/op-nm-installer/src/nix_utils.rs:68] Created NMH manifest at /home/<redacted-username>/.config/google-chrome/NativeMessagingHosts/com.1password.1password.json
INFO  2026-03-28T16:35:45.808+00:00 runtime-worker(ThreadId(10)) [1P:native-messaging/op-nm-installer/src/nix_utils.rs:68] Created NMH manifest at /home/<redacted-username>/.config/google-chrome-beta/NativeMessagingHosts/com.1password.1password.json
INFO  2026-03-28T16:35:45.808+00:00 runtime-worker(ThreadId(10)) [1P:native-messaging/op-nm-installer/src/nix_utils.rs:68] Created NMH manifest at /home/<redacted-username>/.config/google-chrome-unstable/NativeMessagingHosts/com.1password.1password.json
INFO  2026-03-28T16:35:45.808+00:00 runtime-worker(ThreadId(10)) [1P:native-messaging/op-nm-installer/src/nix_utils.rs:68] Created NMH manifest at /home/<redacted-username>/.config/chromium/NativeMessagingHosts/com.1password.1password.json
INFO  2026-03-28T16:35:45.808+00:00 runtime-worker(ThreadId(10)) [1P:native-messaging/op-nm-installer/src/nix_utils.rs:68] Created NMH manifest at /home/<redacted-username>/.config/microsoft-edge-dev/NativeMessagingHosts/com.1password.1password.json
INFO  2026-03-28T16:35:45.808+00:00 runtime-worker(ThreadId(10)) [1P:native-messaging/op-nm-installer/src/nix_utils.rs:68] Created NMH manifest at /home/<redacted-username>/.config/BraveSoftware/Brave-Browser/NativeMessagingHosts/com.1password.1password.json
INFO  2026-03-28T16:35:45.808+00:00 runtime-worker(ThreadId(10)) [1P:native-messaging/op-nm-installer/src/nix_utils.rs:68] Created NMH manifest at /home/<redacted-username>/.config/vivaldi/NativeMessagingHosts/com.1password.1password.json
INFO  2026-03-28T16:35:45.808+00:00 runtime-worker(ThreadId(10)) [1P:native-messaging/op-nm-installer/src/nix_utils.rs:68] Created NMH manifest at /home/<redacted-username>/.config/vivaldi-snapshot/NativeMessagingHosts/com.1password.1password.json
INFO  2026-03-28T16:35:45.808+00:00 runtime-worker(ThreadId(10)) [1P:native-messaging/op-nm-installer/src/nix_utils.rs:68] Created NMH manifest at /home/<redacted-username>/.mozilla/native-messaging-hosts/com.1password.1password.json
INFO  2026-03-28T16:35:45.808+00:00 runtime-worker(ThreadId(10)) [1P:native-messaging/op-nm-installer/src/nix_utils.rs:83] Successfully installed all native messaging manifests.
INFO  2026-03-28T16:35:45.815+00:00 runtime-worker(ThreadId(10)) [1P:app/op-app-common/src/unlocked_session_keepalive.rs:70] Starting unlocked session keepalive
INFO  2026-03-28T16:35:45.821+00:00 runtime-worker(ThreadId(3)) [1P:native-messaging/op-native-core-integration/src/lib.rs:568] Starting IPC listener on 1Password-BrowserSupport
ERROR 2026-03-28T16:35:45.821+00:00 ThreadId(1) [1P:ffi/op-core-node/src/lib.rs:559] Io(Os { code: 2, kind: NotFound, message: "No such file or directory" })
INFO  2026-03-28T16:35:45.821+00:00 runtime-worker(ThreadId(3)) [1P:native-messaging/op-native-core-integration/src/lib.rs:580] Active native core integration is awaiting messages
INFO  2026-03-28T16:35:45.821+00:00 runtime-worker(ThreadId(3)) [1P:native-messaging/op-native-core-integration/src/lib.rs:586] Setting has been toggled on/off, restarting native core integration
INFO  2026-03-28T16:35:45.821+00:00 runtime-worker(ThreadId(3)) [1P:native-messaging/op-native-core-integration/src/lib.rs:568] Starting IPC listener on 1Password-BrowserSupport
INFO  2026-03-28T16:35:45.822+00:00 runtime-worker(ThreadId(12)) [1P:native-messaging/op-native-core-integration/src/lib.rs:580] Active native core integration is awaiting messages
INFO  2026-03-28T16:35:45.823+00:00 runtime-worker(ThreadId(10)) [1P:ssh/op-agent-controller/src/lib.rs:584] Starting filesystem watcher for SSH agent configuration directories...
ERROR 2026-03-28T16:35:45.823+00:00 runtime-worker(ThreadId(10)) [1P:/mnt/ephemeral/builds/dev/core/core/ssh/op-agent-controller/src/lib.rs:585] Io(Os { code: 2, kind: NotFound, message: "No such file or directory" })
INFO  2026-03-28T16:35:45.872+00:00 runtime-worker(ThreadId(3)) [1P:native-messaging/op-native-core-integration/src/lib.rs:597] Extension connecting.
INFO  2026-03-28T16:35:46.291+00:00 1p-enable-crash-reporter(ThreadId(17)) [1P:op-crash-reporting/src/crash_handler.rs:276] Started crash handler thread
INFO  2026-03-28T16:35:57.455+00:00 runtime-worker(ThreadId(12)) [1P:app/op-app/src/app/backend/lock_screen.rs:107] System unlock is enabled: true
INFO  2026-03-28T16:35:57.458+00:00 runtime-worker(ThreadId(12)) [1P:app/op-app/src/app/backend/lock_screen.rs:990] Attempting to unlock with master password.
INFO  2026-03-28T16:35:57.599+00:00 runtime-worker(ThreadId(12)) [1P:/mnt/ephemeral/builds/dev/core/core/data/ext/op-account-ext-settings-authentication/src/lib.rs:241] loaded settings authentication key: 6ece948ade3540ca
INFO  2026-03-28T16:35:57.606+00:00 runtime-worker(ThreadId(3)) [1P:data/ext/op-account-ext-items/src/lib.rs:290] loaded 2 items in 3 vaults for account: ZGUATQA2DBF3JP3PVKIGHWEGTU
INFO  2026-03-28T16:35:57.607+00:00 runtime-worker(ThreadId(11)) [1P:op-telemetry/src/middleware/opt_state.rs:122] op-telemetry: account uuid 'ZGUATQA2DBF3JP3PVKIGHWEGTU' changed telemetry state to Decided(In)
ERROR 2026-03-28T16:35:57.608+00:00 runtime-worker(ThreadId(3)) [1P:op-auto-lock/src/linux.rs:220] Could not connect to the X server: XcbEventError
INFO  2026-03-28T16:35:57.608+00:00 runtime-worker(ThreadId(3)) [1P:data/ext/op-account-ext-settings-authentication/src/lib.rs:322] exactly one existing key found (6ece948ade3540ca). Applying it to any new accounts
INFO  2026-03-28T16:35:57.608+00:00 runtime-worker(ThreadId(3)) [1P:op-settings/src/store/json_store.rs:787] initializing settings authentication with key 6ece948ade3540ca
INFO  2026-03-28T16:35:57.609+00:00 runtime-worker(ThreadId(3)) [1P:app/op-app/src/app/backend/unlock.rs:196] Lock state changed: Unlocked
INFO  2026-03-28T16:35:57.614+00:00 runtime-worker(ThreadId(6)) [1P:app/op-app/src/app/backend/unlock.rs:290] Processing unlocked account ZGUATQA2DBF3JP3PVKIGHWEGTU
INFO  2026-03-28T16:35:57.755+00:00 runtime-worker(ThreadId(3)) [1P:data/op-account-system-unlock/src/lib.rs:776] Adding system unlock key. Verifying keysets can be decrypted.
INFO  2026-03-28T16:35:57.758+00:00 runtime-worker(ThreadId(3)) [1P:data/op-account-system-unlock/src/lib.rs:782] Adding system unlock key. Encrypting muk.
INFO  2026-03-28T16:35:57.759+00:00 ThreadId(19) [1P:data/op-account-system-unlock/src/lib.rs:788] Adding system unlock key. Updating account.
INFO  2026-03-28T16:35:57.883+00:00 runtime-worker(ThreadId(73)) [1P:app/op-app/src/app/backend/quick_access.rs:186] Getting suggestions for quick access
INFO  2026-03-28T16:35:57.898+00:00 runtime-worker(ThreadId(16)) [1P:app/op-app/src/app/backend/quick_access.rs:186] Getting suggestions for quick access
INFO  2026-03-28T16:35:58.824+00:00 runtime-worker(ThreadId(3)) [1P:op-b5-client/src/internal/unauthorized_session/auth_flow.rs:1041] Skipping MFA because server did not return MFA config
INFO  2026-03-28T16:35:59.008+00:00 runtime-worker(ThreadId(14)) [1P:data/op-syncer/src/sync_job.rs:477] synced account ZGUATQA2DBF3JP3PVKIGHWEGTU (0.004746671s)
INFO  2026-03-28T16:35:59.008+00:00 runtime-worker(ThreadId(14)) [1P:op-file-transfer/src/lib.rs:730] find_and_complete_pending_uploads: 'ZGUATQA2DBF3JP3PVKIGHWEGTU'
INFO  2026-03-28T16:35:59.016+00:00 runtime-worker(ThreadId(73)) [1P:app/op-app/src/app/backend/quick_access.rs:186] Getting suggestions for quick access
INFO  2026-03-28T16:35:59.122+00:00 runtime-worker(ThreadId(3)) [1P:op-b5-client/src/b5_client/features/mod.rs:384] Using feature-rollout-service for pre-registration features.
INFO  2026-03-28T16:35:59.247+00:00 runtime-worker(ThreadId(14)) [1P:data/ext/op-account-ext-syncer/src/lib.rs:250] The B5 Notifier for (ZGUATQA2DBF3JP3PVKIGHWEGTU) has connected, now monitoring for events.
INFO  2026-03-28T16:45:58.006+00:00 runtime-worker(ThreadId(12)) [1P:app/op-app-common/src/unlocked_session_keepalive.rs:313] Server session extension succeeded for account: ZGUATQA2DBF3JP3PVKIGHWEGTU
INFO  2026-03-28T16:52:27.260+00:00 runtime-worker(ThreadId(14)) [1P:op-notification-listener/src/lib.rs:264] Delaying notifier reconnection for 16 seconds.
WARN  2026-03-28T16:52:27.260+00:00 runtime-worker(ThreadId(14)) [1P:data/ext/op-account-ext-syncer/src/lib.rs:264] The B5 Notifier for (ZGUATQA2DBF3JP3PVKIGHWEGTU) has disconnected.
ERROR 2026-03-28T16:52:55.473+00:00 runtime-worker(ThreadId(3)) [1P:/mnt/ephemeral/builds/dev/core/core/op-notification-listener/src/lib.rs:243] ConnectionError(Io(Io { kind: Uncategorized, inner: "<redacted>" }))
WARN  2026-03-28T16:52:55.473+00:00 runtime-worker(ThreadId(3)) [1P:op-notification-listener/src/lib.rs:278] Error initiating socket. Retrying
ERROR 2026-03-28T16:53:10.832+00:00 runtime-worker(ThreadId(12)) [1P:/mnt/ephemeral/builds/dev/core/core/op-notification-listener/src/lib.rs:243] ConnectionError(Io(Io { kind: Uncategorized, inner: "<redacted>" }))
WARN  2026-03-28T16:53:10.832+00:00 runtime-worker(ThreadId(12)) [1P:op-notification-listener/src/lib.rs:278] Error initiating socket. Retrying
ERROR 2026-03-28T16:53:41.553+00:00 runtime-worker(ThreadId(14)) [1P:/mnt/ephemeral/builds/dev/core/core/op-notification-listener/src/lib.rs:243] ConnectionError(Io(Io { kind: Uncategorized, inner: "<redacted>" }))
WARN  2026-03-28T16:53:41.553+00:00 runtime-worker(ThreadId(14)) [1P:op-notification-listener/src/lib.rs:278] Error initiating socket. Retrying
ERROR 2026-03-28T16:55:01.425+00:00 runtime-worker(ThreadId(3)) [1P:/mnt/ephemeral/builds/dev/core/core/op-notification-listener/src/lib.rs:243] ConnectionError(Io(Io { kind: Uncategorized, inner: "<redacted>" }))
WARN  2026-03-28T16:55:01.425+00:00 runtime-worker(ThreadId(3)) [1P:op-notification-listener/src/lib.rs:278] Error initiating socket. Retrying
WARN  2026-03-28T16:56:09.009+00:00 runtime-worker(ThreadId(3)) [1P:app/op-app-common/src/unlocked_session_keepalive.rs:322] Server session extension failed for account: ZGUATQA2DBF3JP3PVKIGHWEGTU, error: HttpError((/rustc/254b59607d4417e9dffbc307138ae5c86280fe4c/library/core/src/ops/function.rs:250, IoError(IoError(error sending request for url (<redacted URL>)))))
WARN  2026-03-28T16:57:25.809+00:00 runtime-worker(ThreadId(3)) [1P:app/op-app-common/src/unlocked_session_keepalive.rs:322] Server session extension failed for account: ZGUATQA2DBF3JP3PVKIGHWEGTU, error: HttpError((/rustc/254b59607d4417e9dffbc307138ae5c86280fe4c/library/core/src/ops/function.rs:250, IoError(IoError(error sending request for url (<redacted URL>)))))
WARN  2026-03-28T16:58:39.537+00:00 runtime-worker(ThreadId(3)) [1P:app/op-app-common/src/unlocked_session_keepalive.rs:322] Server session extension failed for account: ZGUATQA2DBF3JP3PVKIGHWEGTU, error: HttpError((/rustc/254b59607d4417e9dffbc307138ae5c86280fe4c/library/core/src/ops/function.rs:250, IoError(IoError(error sending request for url (<redacted URL>)))))
ERROR 2026-03-28T16:59:31.761+00:00 runtime-worker(ThreadId(3)) [1P:/mnt/ephemeral/builds/dev/core/core/op-notification-listener/src/lib.rs:243] ConnectionError(Io(Io { kind: Uncategorized, inner: "<redacted>" }))
WARN  2026-03-28T16:59:31.761+00:00 runtime-worker(ThreadId(3)) [1P:op-notification-listener/src/lib.rs:278] Error initiating socket. Retrying
WARN  2026-03-28T16:59:53.264+00:00 runtime-worker(ThreadId(3)) [1P:app/op-app-common/src/unlocked_session_keepalive.rs:322] Server session extension failed for account: ZGUATQA2DBF3JP3PVKIGHWEGTU, error: HttpError((/rustc/254b59607d4417e9dffbc307138ae5c86280fe4c/library/core/src/ops/function.rs:250, IoError(IoError(error sending request for url (<redacted URL>)))))
WARN  2026-03-28T17:01:03.920+00:00 runtime-worker(ThreadId(3)) [1P:app/op-app-common/src/unlocked_session_keepalive.rs:322] Server session extension failed for account: ZGUATQA2DBF3JP3PVKIGHWEGTU, error: HttpError((/rustc/254b59607d4417e9dffbc307138ae5c86280fe4c/library/core/src/ops/function.rs:250, IoError(IoError(error sending request for url (<redacted URL>)))))
WARN  2026-03-28T17:02:14.576+00:00 runtime-worker(ThreadId(12)) [1P:app/op-app-common/src/unlocked_session_keepalive.rs:322] Server session extension failed for account: ZGUATQA2DBF3JP3PVKIGHWEGTU, error: HttpError((/rustc/254b59607d4417e9dffbc307138ae5c86280fe4c/library/core/src/ops/function.rs:250, IoError(IoError(error sending request for url (<redacted URL>)))))
WARN  2026-03-28T17:03:31.377+00:00 runtime-worker(ThreadId(14)) [1P:app/op-app-common/src/unlocked_session_keepalive.rs:322] Server session extension failed for account: ZGUATQA2DBF3JP3PVKIGHWEGTU, error: HttpError((/rustc/254b59607d4417e9dffbc307138ae5c86280fe4c/library/core/src/ops/function.rs:250, IoError(IoError(error sending request for url (<redacted URL>)))))
WARN  2026-03-28T17:04:48.176+00:00 runtime-worker(ThreadId(12)) [1P:app/op-app-common/src/unlocked_session_keepalive.rs:322] Server session extension failed for account: ZGUATQA2DBF3JP3PVKIGHWEGTU, error: HttpError((/rustc/254b59607d4417e9dffbc307138ae5c86280fe4c/library/core/src/ops/function.rs:250, IoError(IoError(error sending request for url (<redacted URL>)))))
WARN  2026-03-28T17:05:58.832+00:00 runtime-worker(ThreadId(3)) [1P:app/op-app-common/src/unlocked_session_keepalive.rs:322] Server session extension failed for account: ZGUATQA2DBF3JP3PVKIGHWEGTU, error: HttpError((/rustc/254b59607d4417e9dffbc307138ae5c86280fe4c/library/core/src/ops/function.rs:250, IoError(IoError(error sending request for url (<redacted URL>)))))
WARN  2026-03-28T17:07:08.842+00:00 runtime-worker(ThreadId(14)) [1P:app/op-app-common/src/unlocked_session_keepalive.rs:322] Server session extension failed for account: ZGUATQA2DBF3JP3PVKIGHWEGTU, error: HttpError((/rustc/254b59607d4417e9dffbc307138ae5c86280fe4c/library/core/src/ops/function.rs:250, IoError(IoError(error sending request for url (<redacted URL>)))))
ERROR 2026-03-28T17:08:13.777+00:00 runtime-worker(ThreadId(3)) [1P:/mnt/ephemeral/builds/dev/core/core/op-notification-listener/src/lib.rs:243] ConnectionError(Io(Io { kind: Uncategorized, inner: "<redacted>" }))
WARN  2026-03-28T17:08:13.777+00:00 runtime-worker(ThreadId(3)) [1P:op-notification-listener/src/lib.rs:278] Error initiating socket. Retrying
WARN  2026-03-28T17:08:18.857+00:00 runtime-worker(ThreadId(12)) [1P:app/op-app-common/src/unlocked_session_keepalive.rs:322] Server session extension failed for account: ZGUATQA2DBF3JP3PVKIGHWEGTU, error: HttpError((/rustc/254b59607d4417e9dffbc307138ae5c86280fe4c/library/core/src/ops/function.rs:250, IoError(IoError(error sending request for url (<redacted URL>)))))
WARN  2026-03-28T17:09:28.873+00:00 runtime-worker(ThreadId(12)) [1P:app/op-app-common/src/unlocked_session_keepalive.rs:322] Server session extension failed for account: ZGUATQA2DBF3JP3PVKIGHWEGTU, error: HttpError((/rustc/254b59607d4417e9dffbc307138ae5c86280fe4c/library/core/src/ops/function.rs:250, IoError(IoError(error sending request for url (<redacted URL>)))))
INFO  2026-03-28T17:10:29.284+00:00 runtime-worker(ThreadId(3)) [1P:app/op-app-common/src/unlocked_session_keepalive.rs:313] Server session extension succeeded for account: ZGUATQA2DBF3JP3PVKIGHWEGTU
INFO  2026-03-28T17:20:29.872+00:00 runtime-worker(ThreadId(6)) [1P:app/op-app-common/src/unlocked_session_keepalive.rs:313] Server session extension succeeded for account: ZGUATQA2DBF3JP3PVKIGHWEGTU
INFO  2026-03-28T17:25:18.244+00:00 runtime-worker(ThreadId(14)) [1P:data/ext/op-account-ext-syncer/src/lib.rs:250] The B5 Notifier for (ZGUATQA2DBF3JP3PVKIGHWEGTU) has connected, now monitoring for events.
INFO  2026-03-28T17:30:30.304+00:00 runtime-worker(ThreadId(6)) [1P:app/op-app-common/src/unlocked_session_keepalive.rs:313] Server session extension succeeded for account: ZGUATQA2DBF3JP3PVKIGHWEGTU
INFO  2026-03-28T17:35:45.141+00:00 runtime-worker(ThreadId(14)) [1P:app/op-app/src/app/backend/lock.rs:213] Lock state changed: Locked
INFO  2026-03-28T17:35:45.141+00:00 runtime-worker(ThreadId(14)) [1P:app/op-app/src/app/backend/lock.rs:248] Locked. Reason: Automatic(DeviceLocked).
WARN  2026-03-28T17:35:45.141+00:00 runtime-worker(ThreadId(12)) [1P:data/op-syncer/src/queue.rs:123] Syncer channel for versioned syncs hung up! Sync task will be shut down.
INFO  2026-03-28T17:35:45.142+00:00 runtime-worker(ThreadId(10)) [1P:app/op-app/src/app/backend/mycelium/task_management.rs:65] Received a Mycelium channel close request, ignoring request as no task is actively running
INFO  2026-03-28T17:35:45.433+00:00 runtime-worker(ThreadId(12)) [1P:app/op-app/src/app/backend/lock.rs:213] Lock state changed: Locked
INFO  2026-03-28T17:35:45.433+00:00 runtime-worker(ThreadId(12)) [1P:app/op-app/src/app/backend/lock.rs:248] Locked. Reason: Manual.
INFO  2026-03-28T17:35:45.433+00:00 runtime-worker(ThreadId(6)) [1P:app/op-app/src/app/backend/mycelium/task_management.rs:65] Received a Mycelium channel close request, ignoring request as no task is actively running
INFO  2026-03-28T17:41:54.891+00:00 runtime-worker(ThreadId(96)) [1P:foundation/op-system-auth/src/lib.rs:344] Biometry is available for 1 or more accounts
INFO  2026-03-28T17:41:58.351+00:00 runtime-worker(ThreadId(10)) [1P:/mnt/ephemeral/builds/dev/core/core/data/ext/op-account-ext-settings-authentication/src/lib.rs:241] loaded settings authentication key: 6ece948ade3540ca
INFO  2026-03-28T17:41:58.355+00:00 runtime-worker(ThreadId(6)) [1P:data/ext/op-account-ext-items/src/lib.rs:290] loaded 2 items in 3 vaults for account: ZGUATQA2DBF3JP3PVKIGHWEGTU
ERROR 2026-03-28T17:41:58.357+00:00 runtime-worker(ThreadId(6)) [1P:op-auto-lock/src/linux.rs:220] Could not connect to the X server: XcbEventError
INFO  2026-03-28T17:41:58.357+00:00 runtime-worker(ThreadId(6)) [1P:data/ext/op-account-ext-settings-authentication/src/lib.rs:322] exactly one existing key found (6ece948ade3540ca). Applying it to any new accounts
INFO  2026-03-28T17:41:58.357+00:00 runtime-worker(ThreadId(6)) [1P:op-settings/src/store/json_store.rs:787] initializing settings authentication with key 6ece948ade3540ca
INFO  2026-03-28T17:41:58.357+00:00 runtime-worker(ThreadId(6)) [1P:app/op-app/src/app/backend/unlock.rs:196] Lock state changed: Unlocked
INFO  2026-03-28T17:41:58.357+00:00 runtime-worker(ThreadId(3)) [1P:app/op-app/src/app/backend/unlock.rs:290] Processing unlocked account ZGUATQA2DBF3JP3PVKIGHWEGTU
INFO  2026-03-28T17:41:58.358+00:00 ThreadId(1) [client:typescript] Settings file changed.
INFO  2026-03-28T17:41:58.602+00:00 runtime-worker(ThreadId(98)) [1P:app/op-app/src/app/backend/quick_access.rs:186] Getting suggestions for quick access
INFO  2026-03-28T17:41:58.617+00:00 runtime-worker(ThreadId(96)) [1P:app/op-app/src/app/backend/quick_access.rs:186] Getting suggestions for quick access
INFO  2026-03-28T17:41:59.576+00:00 runtime-worker(ThreadId(9)) [1P:op-b5-client/src/internal/unauthorized_session/auth_flow.rs:1041] Skipping MFA because server did not return MFA config
INFO  2026-03-28T17:41:59.874+00:00 runtime-worker(ThreadId(3)) [1P:op-b5-client/src/b5_client/features/mod.rs:384] Using feature-rollout-service for pre-registration features.
INFO  2026-03-28T17:41:59.877+00:00 runtime-worker(ThreadId(11)) [1P:data/op-syncer/src/sync_job.rs:477] synced account ZGUATQA2DBF3JP3PVKIGHWEGTU (0.003756639s)
INFO  2026-03-28T17:41:59.878+00:00 runtime-worker(ThreadId(11)) [1P:op-file-transfer/src/lib.rs:730] find_and_complete_pending_uploads: 'ZGUATQA2DBF3JP3PVKIGHWEGTU'
INFO  2026-03-28T17:41:59.883+00:00 runtime-worker(ThreadId(96)) [1P:app/op-app/src/app/backend/quick_access.rs:186] Getting suggestions for quick access
INFO  2026-03-28T17:41:59.997+00:00 runtime-worker(ThreadId(9)) [1P:data/ext/op-account-ext-syncer/src/lib.rs:250] The B5 Notifier for (ZGUATQA2DBF3JP3PVKIGHWEGTU) has connected, now monitoring for events.
INFO  2026-03-28T17:51:58.767+00:00 runtime-worker(ThreadId(11)) [1P:app/op-app-common/src/unlocked_session_keepalive.rs:313] Server session extension succeeded for account: ZGUATQA2DBF3JP3PVKIGHWEGTU
INFO  2026-03-28T18:01:59.276+00:00 runtime-worker(ThreadId(11)) [1P:app/op-app-common/src/unlocked_session_keepalive.rs:313] Server session extension succeeded for account: ZGUATQA2DBF3JP3PVKIGHWEGTU
INFO  2026-03-28T18:11:59.712+00:00 runtime-worker(ThreadId(6)) [1P:app/op-app-common/src/unlocked_session_keepalive.rs:313] Server session extension succeeded for account: ZGUATQA2DBF3JP3PVKIGHWEGTU
INFO  2026-03-28T18:22:00.107+00:00 runtime-worker(ThreadId(8)) [1P:app/op-app-common/src/unlocked_session_keepalive.rs:313] Server session extension succeeded for account: ZGUATQA2DBF3JP3PVKIGHWEGTU
INFO  2026-03-28T18:32:00.511+00:00 runtime-worker(ThreadId(9)) [1P:app/op-app-common/src/unlocked_session_keepalive.rs:313] Server session extension succeeded for account: ZGUATQA2DBF3JP3PVKIGHWEGTU
INFO  2026-03-28T18:42:00.943+00:00 runtime-worker(ThreadId(6)) [1P:app/op-app-common/src/unlocked_session_keepalive.rs:313] Server session extension succeeded for account: ZGUATQA2DBF3JP3PVKIGHWEGTU
WARN  2026-03-28T18:47:27.153+00:00 runtime-worker(ThreadId(8)) [1P:data/op-syncer/src/queue.rs:123] Syncer channel for versioned syncs hung up! Sync task will be shut down.
INFO  2026-03-28T18:47:27.153+00:00 runtime-worker(ThreadId(6)) [1P:app/op-app/src/app/backend/lock.rs:213] Lock state changed: Locked
INFO  2026-03-28T18:47:27.153+00:00 runtime-worker(ThreadId(6)) [1P:app/op-app/src/app/backend/lock.rs:248] Locked. Reason: Automatic(DeviceLocked).
INFO  2026-03-28T18:47:27.153+00:00 runtime-worker(ThreadId(6)) [1P:app/op-app/src/app/backend/mycelium/task_management.rs:65] Received a Mycelium channel close request, ignoring request as no task is actively running
INFO  2026-03-28T19:55:22.541+00:00 runtime-worker(ThreadId(12)) [1P:app/op-app/src/app/backend/lock.rs:213] Lock state changed: Locked
INFO  2026-03-28T19:55:22.541+00:00 runtime-worker(ThreadId(12)) [1P:app/op-app/src/app/backend/lock.rs:248] Locked. Reason: Manual.
INFO  2026-03-28T19:55:22.541+00:00 runtime-worker(ThreadId(12)) [1P:app/op-app/src/app/backend/mycelium/task_management.rs:65] Received a Mycelium channel close request, ignoring request as no task is actively running
INFO  2026-03-28T20:52:29.489+00:00 runtime-worker(ThreadId(108)) [1P:foundation/op-system-auth/src/lib.rs:344] Biometry is available for 1 or more accounts
INFO  2026-03-28T20:52:31.281+00:00 runtime-worker(ThreadId(12)) [1P:/mnt/ephemeral/builds/dev/core/core/data/ext/op-account-ext-settings-authentication/src/lib.rs:241] loaded settings authentication key: 6ece948ade3540ca
INFO  2026-03-28T20:52:31.284+00:00 runtime-worker(ThreadId(11)) [1P:data/ext/op-account-ext-items/src/lib.rs:290] loaded 2 items in 3 vaults for account: ZGUATQA2DBF3JP3PVKIGHWEGTU
ERROR 2026-03-28T20:52:31.286+00:00 runtime-worker(ThreadId(11)) [1P:op-auto-lock/src/linux.rs:220] Could not connect to the X server: XcbEventError
INFO  2026-03-28T20:52:31.286+00:00 runtime-worker(ThreadId(11)) [1P:data/ext/op-account-ext-settings-authentication/src/lib.rs:322] exactly one existing key found (6ece948ade3540ca). Applying it to any new accounts
INFO  2026-03-28T20:52:31.286+00:00 runtime-worker(ThreadId(11)) [1P:op-settings/src/store/json_store.rs:787] initializing settings authentication with key 6ece948ade3540ca
INFO  2026-03-28T20:52:31.287+00:00 runtime-worker(ThreadId(12)) [1P:app/op-app/src/app/backend/unlock.rs:196] Lock state changed: Unlocked
INFO  2026-03-28T20:52:31.287+00:00 runtime-worker(ThreadId(6)) [1P:app/op-app/src/app/backend/unlock.rs:290] Processing unlocked account ZGUATQA2DBF3JP3PVKIGHWEGTU
INFO  2026-03-28T20:52:31.287+00:00 ThreadId(1) [client:typescript] Settings file changed.
INFO  2026-03-28T20:52:31.533+00:00 runtime-worker(ThreadId(108)) [1P:app/op-app/src/app/backend/quick_access.rs:186] Getting suggestions for quick access
INFO  2026-03-28T20:52:31.547+00:00 runtime-worker(ThreadId(110)) [1P:app/op-app/src/app/backend/quick_access.rs:186] Getting suggestions for quick access
INFO  2026-03-28T20:52:32.505+00:00 runtime-worker(ThreadId(9)) [1P:op-b5-client/src/internal/unauthorized_session/auth_flow.rs:1041] Skipping MFA because server did not return MFA config
INFO  2026-03-28T20:52:32.684+00:00 runtime-worker(ThreadId(12)) [1P:data/op-syncer/src/sync_job.rs:477] synced account ZGUATQA2DBF3JP3PVKIGHWEGTU (0.003549687s)
INFO  2026-03-28T20:52:32.684+00:00 runtime-worker(ThreadId(12)) [1P:op-file-transfer/src/lib.rs:730] find_and_complete_pending_uploads: 'ZGUATQA2DBF3JP3PVKIGHWEGTU'
INFO  2026-03-28T20:52:32.690+00:00 runtime-worker(ThreadId(108)) [1P:app/op-app/src/app/backend/quick_access.rs:186] Getting suggestions for quick access
INFO  2026-03-28T20:52:32.802+00:00 runtime-worker(ThreadId(10)) [1P:op-b5-client/src/b5_client/features/mod.rs:384] Using feature-rollout-service for pre-registration features.
INFO  2026-03-28T20:52:32.941+00:00 runtime-worker(ThreadId(10)) [1P:data/ext/op-account-ext-syncer/src/lib.rs:250] The B5 Notifier for (ZGUATQA2DBF3JP3PVKIGHWEGTU) has connected, now monitoring for events.
INFO  2026-03-28T21:02:31.690+00:00 runtime-worker(ThreadId(9)) [1P:app/op-app-common/src/unlocked_session_keepalive.rs:313] Server session extension succeeded for account: ZGUATQA2DBF3JP3PVKIGHWEGTU
INFO  2026-03-28T21:12:32.130+00:00 runtime-worker(ThreadId(10)) [1P:app/op-app-common/src/unlocked_session_keepalive.rs:313] Server session extension succeeded for account: ZGUATQA2DBF3JP3PVKIGHWEGTU
INFO  2026-03-28T21:22:32.554+00:00 runtime-worker(ThreadId(10)) [1P:app/op-app-common/src/unlocked_session_keepalive.rs:313] Server session extension succeeded for account: ZGUATQA2DBF3JP3PVKIGHWEGTU
INFO  2026-03-28T21:32:32.970+00:00 runtime-worker(ThreadId(11)) [1P:app/op-app-common/src/unlocked_session_keepalive.rs:313] Server session extension succeeded for account: ZGUATQA2DBF3JP3PVKIGHWEGTU
INFO  2026-03-28T21:42:33.368+00:00 runtime-worker(ThreadId(12)) [1P:app/op-app-common/src/unlocked_session_keepalive.rs:313] Server session extension succeeded for account: ZGUATQA2DBF3JP3PVKIGHWEGTU
INFO  2026-03-28T21:52:33.767+00:00 runtime-worker(ThreadId(10)) [1P:app/op-app-common/src/unlocked_session_keepalive.rs:313] Server session extension succeeded for account: ZGUATQA2DBF3JP3PVKIGHWEGTU
WARN  2026-03-28T22:02:19.208+00:00 runtime-worker(ThreadId(10)) [1P:data/op-syncer/src/queue.rs:123] Syncer channel for versioned syncs hung up! Sync task will be shut down.
INFO  2026-03-28T22:02:19.208+00:00 runtime-worker(ThreadId(9)) [1P:app/op-app/src/app/backend/lock.rs:213] Lock state changed: Locked
INFO  2026-03-28T22:02:19.208+00:00 runtime-worker(ThreadId(9)) [1P:app/op-app/src/app/backend/lock.rs:248] Locked. Reason: Manual.
INFO  2026-03-28T22:02:19.208+00:00 runtime-worker(ThreadId(14)) [1P:app/op-app/src/app/backend/mycelium/task_management.rs:65] Received a Mycelium channel close request, ignoring request as no task is actively running
INFO  2026-03-28T22:04:50.210+00:00 runtime-worker(ThreadId(7)) [1P:app/op-app/src/app/backend/lock.rs:213] Lock state changed: Locked
INFO  2026-03-28T22:04:50.210+00:00 runtime-worker(ThreadId(7)) [1P:app/op-app/src/app/backend/lock.rs:248] Locked. Reason: Manual.
INFO  2026-03-28T22:04:50.210+00:00 runtime-worker(ThreadId(7)) [1P:app/op-app/src/app/backend/mycelium/task_management.rs:65] Received a Mycelium channel close request, ignoring request as no task is actively running
ERROR 2026-03-28T22:26:08.146+00:00 runtime-worker(ThreadId(7)) [1P:native-messaging/op-native-core-integration/src/connection_handler.rs:92] message from b5x was None: EndConnection
ERROR 2026-03-28T22:26:08.147+00:00 runtime-worker(ThreadId(7)) [1P:native-messaging/op-native-core-integration/src/connection_handler.rs:56] Dropping connection with b5x due to error handling incoming message: EndConnection
ERROR 2026-03-28T22:26:10.115+00:00 ThreadId(1) [1P:op-crash-reporting/src/crash_handler.rs:257] Failed to prepare for requesting dump
