INFO  2026-04-01T20:37:51.030+00:00 ThreadId(1) [1P:foundation/op-log/src/lib.rs:688] Removed 5 old log files
INFO  2026-04-01T20:37:51.039+00:00 ThreadId(1) [1P:op-settings/src/store/json_store.rs:75] Settings file created @ 2026-02-19 20:54:40.098498800 UTC and last modified @ 2026-02-21 08:30:26.282004110 UTC
INFO  2026-04-01T20:37:51.049+00:00 ThreadId(1) [client:typescript] Client starting.
INFO  2026-04-01T20:37:51.165+00:00 1p-enable-crash-reporter(ThreadId(17)) [1P:op-b5-client/src/b5_client/features/mod.rs:384] Using feature-rollout-service for pre-registration features.
WARN  2026-04-01T20:37:51.166+00:00 1p-enable-crash-reporter(ThreadId(17)) [1P:op-b5-client/src/b5_client/features/mod.rs:443] Device UUID missing; setting headers to omit device UUID for pre-reg features request to service.
INFO  2026-04-01T20:37:51.172+00:00 ThreadId(1) [1P:op-localization/src/lib.rs:240] system locale detected as 'en-US'
INFO  2026-04-01T20:37:51.172+00:00 ThreadId(1) [1P:op-localization/src/lib.rs:266] selected translations for EN_US based on detected locale en-US
INFO  2026-04-01T20:37:51.172+00:00 ThreadId(1) [status:app/op-app/src/app.rs:1074] App::new(1Password for Linux/81206035 (EN_US), /home/<redacted-username>/.config/1Password)
INFO  2026-04-01T20:37:51.187+00:00 ThreadId(1) [1P:data/op-db/src/sqlite.rs:265] Core DB Integrity Check Succeeded
INFO  2026-04-01T20:37:51.187+00:00 ThreadId(1) [1P:data/op-db/src/sqlite.rs:359] Starting Core DB at version: 61
INFO  2026-04-01T20:37:51.187+00:00 ThreadId(1) [1P:data/op-db/src/sqlite.rs:234] Core DB Table Integrity Check Succeeded
INFO  2026-04-01T20:37:51.191+00:00 ThreadId(1) [1P:data/op-db/src/sqlite.rs:265] Resources DB Integrity Check Succeeded
INFO  2026-04-01T20:37:51.191+00:00 ThreadId(1) [1P:data/op-db/src/sqlite.rs:234] Resources DB Table Integrity Check Succeeded
INFO  2026-04-01T20:37:51.191+00:00 ThreadId(1) [1P:data/op-db/src/sqlite.rs:359] Starting Resources DB at version: 3
ERROR 2026-04-01T20:37:51.201+00:00 ThreadId(1) [1P:/mnt/ephemeral/builds/dev/core/core/ssh/op-ssh-config/src/lib.rs:251] Failed to start ssh config file watcher: Io(Os { code: 2, kind: NotFound, message: "No such file or directory" })
INFO  2026-04-01T20:37:51.201+00:00 runtime-worker(ThreadId(7)) [1P:op-b5-client/src/b5_client/features/mod.rs:384] Using feature-rollout-service for pre-registration features.
ERROR 2026-04-01T20:37:51.203+00:00 runtime-worker(ThreadId(7)) [1P:foundation/op-network-monitor/src/linux.rs:195] Failed to retrieve initial metering setting: MeteringQuery
INFO  2026-04-01T20:37:51.205+00:00 ThreadId(1) [1P:native-messaging/op-nm-installer/src/nix_utils.rs:68] Created NMH manifest at /home/<redacted-username>/.config/google-chrome/NativeMessagingHosts/com.1password.1password.json
INFO  2026-04-01T20:37:51.205+00:00 ThreadId(1) [1P:native-messaging/op-nm-installer/src/nix_utils.rs:68] Created NMH manifest at /home/<redacted-username>/.config/google-chrome-beta/NativeMessagingHosts/com.1password.1password.json
INFO  2026-04-01T20:37:51.205+00:00 ThreadId(1) [1P:native-messaging/op-nm-installer/src/nix_utils.rs:68] Created NMH manifest at /home/<redacted-username>/.config/google-chrome-unstable/NativeMessagingHosts/com.1password.1password.json
INFO  2026-04-01T20:37:51.205+00:00 ThreadId(1) [1P:native-messaging/op-nm-installer/src/nix_utils.rs:68] Created NMH manifest at /home/<redacted-username>/.config/chromium/NativeMessagingHosts/com.1password.1password.json
INFO  2026-04-01T20:37:51.205+00:00 ThreadId(1) [1P:native-messaging/op-nm-installer/src/nix_utils.rs:68] Created NMH manifest at /home/<redacted-username>/.config/microsoft-edge-dev/NativeMessagingHosts/com.1password.1password.json
INFO  2026-04-01T20:37:51.205+00:00 ThreadId(1) [1P:native-messaging/op-nm-installer/src/nix_utils.rs:68] Created NMH manifest at /home/<redacted-username>/.config/BraveSoftware/Brave-Browser/NativeMessagingHosts/com.1password.1password.json
INFO  2026-04-01T20:37:51.205+00:00 ThreadId(1) [1P:native-messaging/op-nm-installer/src/nix_utils.rs:68] Created NMH manifest at /home/<redacted-username>/.config/vivaldi/NativeMessagingHosts/com.1password.1password.json
INFO  2026-04-01T20:37:51.205+00:00 ThreadId(1) [1P:native-messaging/op-nm-installer/src/nix_utils.rs:68] Created NMH manifest at /home/<redacted-username>/.config/vivaldi-snapshot/NativeMessagingHosts/com.1password.1password.json
INFO  2026-04-01T20:37:51.205+00:00 ThreadId(1) [1P:native-messaging/op-nm-installer/src/nix_utils.rs:68] Created NMH manifest at /home/<redacted-username>/.mozilla/native-messaging-hosts/com.1password.1password.json
INFO  2026-04-01T20:37:51.205+00:00 ThreadId(1) [1P:native-messaging/op-nm-installer/src/nix_utils.rs:83] Successfully installed all native messaging manifests.
INFO  2026-04-01T20:37:51.205+00:00 runtime-worker(ThreadId(3)) [1P:op-global-shortcuts/src/node.rs:38] Global shortcut registration is not available on this system.
INFO  2026-04-01T20:37:51.205+00:00 runtime-worker(ThreadId(12)) [1P:op-global-shortcuts/src/node.rs:38] Global shortcut registration is not available on this system.
INFO  2026-04-01T20:37:51.206+00:00 runtime-worker(ThreadId(13)) [1P:native-messaging/op-nm-installer/src/nix_utils.rs:68] Created NMH manifest at /home/<redacted-username>/.config/google-chrome/NativeMessagingHosts/com.1password.1password.json
INFO  2026-04-01T20:37:51.206+00:00 runtime-worker(ThreadId(13)) [1P:native-messaging/op-nm-installer/src/nix_utils.rs:68] Created NMH manifest at /home/<redacted-username>/.config/google-chrome-beta/NativeMessagingHosts/com.1password.1password.json
INFO  2026-04-01T20:37:51.206+00:00 runtime-worker(ThreadId(13)) [1P:native-messaging/op-nm-installer/src/nix_utils.rs:68] Created NMH manifest at /home/<redacted-username>/.config/google-chrome-unstable/NativeMessagingHosts/com.1password.1password.json
INFO  2026-04-01T20:37:51.206+00:00 runtime-worker(ThreadId(13)) [1P:native-messaging/op-nm-installer/src/nix_utils.rs:68] Created NMH manifest at /home/<redacted-username>/.config/chromium/NativeMessagingHosts/com.1password.1password.json
INFO  2026-04-01T20:37:51.206+00:00 runtime-worker(ThreadId(13)) [1P:native-messaging/op-nm-installer/src/nix_utils.rs:68] Created NMH manifest at /home/<redacted-username>/.config/microsoft-edge-dev/NativeMessagingHosts/com.1password.1password.json
INFO  2026-04-01T20:37:51.206+00:00 runtime-worker(ThreadId(13)) [1P:native-messaging/op-nm-installer/src/nix_utils.rs:68] Created NMH manifest at /home/<redacted-username>/.config/BraveSoftware/Brave-Browser/NativeMessagingHosts/com.1password.1password.json
INFO  2026-04-01T20:37:51.206+00:00 runtime-worker(ThreadId(13)) [1P:native-messaging/op-nm-installer/src/nix_utils.rs:68] Created NMH manifest at /home/<redacted-username>/.config/vivaldi/NativeMessagingHosts/com.1password.1password.json
INFO  2026-04-01T20:37:51.206+00:00 runtime-worker(ThreadId(13)) [1P:native-messaging/op-nm-installer/src/nix_utils.rs:68] Created NMH manifest at /home/<redacted-username>/.config/vivaldi-snapshot/NativeMessagingHosts/com.1password.1password.json
INFO  2026-04-01T20:37:51.207+00:00 ThreadId(1) [1P:app/op-app/src/app.rs:1757] initializing Developer Environment mount handler
INFO  2026-04-01T20:37:51.207+00:00 runtime-worker(ThreadId(13)) [1P:native-messaging/op-nm-installer/src/nix_utils.rs:68] Created NMH manifest at /home/<redacted-username>/.mozilla/native-messaging-hosts/com.1password.1password.json
INFO  2026-04-01T20:37:51.207+00:00 runtime-worker(ThreadId(13)) [1P:native-messaging/op-nm-installer/src/nix_utils.rs:83] Successfully installed all native messaging manifests.
INFO  2026-04-01T20:37:51.215+00:00 runtime-worker(ThreadId(3)) [1P:app/op-app-common/src/unlocked_session_keepalive.rs:70] Starting unlocked session keepalive
ERROR 2026-04-01T20:37:51.219+00:00 runtime-worker(ThreadId(3)) [1P:native-messaging/op-native-core-integration/src/lib.rs:762] Listener on SETTING_STATUS has been dropped, unable to communicate changes made to browser SLS setting
INFO  2026-04-01T20:37:51.219+00:00 runtime-worker(ThreadId(13)) [1P:native-messaging/op-native-core-integration/src/lib.rs:568] Starting IPC listener on 1Password-BrowserSupport
INFO  2026-04-01T20:37:51.220+00:00 runtime-worker(ThreadId(3)) [1P:native-messaging/op-native-core-integration/src/lib.rs:580] Active native core integration is awaiting messages
ERROR 2026-04-01T20:37:51.220+00:00 ThreadId(1) [1P:ffi/op-core-node/src/lib.rs:559] Io(Os { code: 2, kind: NotFound, message: "No such file or directory" })
INFO  2026-04-01T20:37:51.222+00:00 runtime-worker(ThreadId(7)) [1P:ssh/op-agent-controller/src/lib.rs:584] Starting filesystem watcher for SSH agent configuration directories...
ERROR 2026-04-01T20:37:51.223+00:00 runtime-worker(ThreadId(7)) [1P:/mnt/ephemeral/builds/dev/core/core/ssh/op-agent-controller/src/lib.rs:585] Io(Os { code: 2, kind: NotFound, message: "No such file or directory" })
INFO  2026-04-01T20:37:51.231+00:00 runtime-worker(ThreadId(13)) [1P:native-messaging/op-native-core-integration/src/lib.rs:597] Extension connecting.
INFO  2026-04-01T20:37:51.708+00:00 1p-enable-crash-reporter(ThreadId(17)) [1P:op-crash-reporting/src/crash_handler.rs:276] Started crash handler thread
INFO  2026-04-01T20:38:02.382+00:00 runtime-worker(ThreadId(9)) [1P:app/op-app/src/app/backend/lock_screen.rs:107] System unlock is enabled: true
INFO  2026-04-01T20:38:02.384+00:00 runtime-worker(ThreadId(9)) [1P:app/op-app/src/app/backend/lock_screen.rs:990] Attempting to unlock with master password.
INFO  2026-04-01T20:38:02.531+00:00 runtime-worker(ThreadId(9)) [1P:/mnt/ephemeral/builds/dev/core/core/data/ext/op-account-ext-settings-authentication/src/lib.rs:241] loaded settings authentication key: 6ece948ade3540ca
INFO  2026-04-01T20:38:02.535+00:00 runtime-worker(ThreadId(9)) [1P:data/ext/op-account-ext-items/src/lib.rs:290] loaded 2 items in 3 vaults for account: ZGUATQA2DBF3JP3PVKIGHWEGTU
INFO  2026-04-01T20:38:02.537+00:00 runtime-worker(ThreadId(13)) [1P:op-telemetry/src/middleware/opt_state.rs:122] op-telemetry: account uuid 'ZGUATQA2DBF3JP3PVKIGHWEGTU' changed telemetry state to Decided(In)
ERROR 2026-04-01T20:38:02.538+00:00 runtime-worker(ThreadId(9)) [1P:op-auto-lock/src/linux.rs:220] Could not connect to the X server: XcbEventError
INFO  2026-04-01T20:38:02.538+00:00 runtime-worker(ThreadId(9)) [1P:data/ext/op-account-ext-settings-authentication/src/lib.rs:322] exactly one existing key found (6ece948ade3540ca). Applying it to any new accounts
INFO  2026-04-01T20:38:02.538+00:00 runtime-worker(ThreadId(9)) [1P:op-settings/src/store/json_store.rs:787] initializing settings authentication with key 6ece948ade3540ca
INFO  2026-04-01T20:38:02.540+00:00 runtime-worker(ThreadId(12)) [1P:app/op-app/src/app/backend/unlock.rs:196] Lock state changed: Unlocked
INFO  2026-04-01T20:38:02.540+00:00 runtime-worker(ThreadId(12)) [1P:app/op-app/src/app/backend/unlock.rs:290] Processing unlocked account ZGUATQA2DBF3JP3PVKIGHWEGTU
INFO  2026-04-01T20:38:02.718+00:00 runtime-worker(ThreadId(3)) [1P:data/op-account-system-unlock/src/lib.rs:776] Adding system unlock key. Verifying keysets can be decrypted.
INFO  2026-04-01T20:38:02.720+00:00 runtime-worker(ThreadId(3)) [1P:data/op-account-system-unlock/src/lib.rs:782] Adding system unlock key. Encrypting muk.
INFO  2026-04-01T20:38:02.721+00:00 ThreadId(19) [1P:data/op-account-system-unlock/src/lib.rs:788] Adding system unlock key. Updating account.
INFO  2026-04-01T20:38:02.780+00:00 runtime-worker(ThreadId(34)) [1P:app/op-app/src/app/backend/quick_access.rs:186] Getting suggestions for quick access
INFO  2026-04-01T20:38:02.793+00:00 runtime-worker(ThreadId(34)) [1P:app/op-app/src/app/backend/quick_access.rs:186] Getting suggestions for quick access
INFO  2026-04-01T20:38:04.156+00:00 runtime-worker(ThreadId(13)) [1P:op-b5-client/src/internal/unauthorized_session/auth_flow.rs:1041] Skipping MFA because server did not return MFA config
INFO  2026-04-01T20:38:04.354+00:00 runtime-worker(ThreadId(3)) [1P:data/op-syncer/src/sync_job.rs:477] synced account ZGUATQA2DBF3JP3PVKIGHWEGTU (0.004609708s)
INFO  2026-04-01T20:38:04.355+00:00 runtime-worker(ThreadId(3)) [1P:op-file-transfer/src/lib.rs:730] find_and_complete_pending_uploads: 'ZGUATQA2DBF3JP3PVKIGHWEGTU'
INFO  2026-04-01T20:38:04.360+00:00 runtime-worker(ThreadId(34)) [1P:app/op-app/src/app/backend/quick_access.rs:186] Getting suggestions for quick access
INFO  2026-04-01T20:38:04.467+00:00 runtime-worker(ThreadId(6)) [1P:op-b5-client/src/b5_client/features/mod.rs:384] Using feature-rollout-service for pre-registration features.
INFO  2026-04-01T20:38:04.671+00:00 runtime-worker(ThreadId(12)) [1P:data/ext/op-account-ext-syncer/src/lib.rs:250] The B5 Notifier for (ZGUATQA2DBF3JP3PVKIGHWEGTU) has connected, now monitoring for events.
WARN  2026-04-01T20:46:07.812+00:00 runtime-worker(ThreadId(3)) [1P:data/op-syncer/src/queue.rs:123] Syncer channel for versioned syncs hung up! Sync task will be shut down.
INFO  2026-04-01T20:46:07.812+00:00 runtime-worker(ThreadId(11)) [1P:app/op-app/src/app/backend/lock.rs:213] Lock state changed: Locked
INFO  2026-04-01T20:46:07.812+00:00 runtime-worker(ThreadId(11)) [1P:app/op-app/src/app/backend/lock.rs:248] Locked. Reason: Manual.
INFO  2026-04-01T20:46:07.812+00:00 runtime-worker(ThreadId(11)) [1P:app/op-app/src/app/backend/mycelium/task_management.rs:65] Received a Mycelium channel close request, ignoring request as no task is actively running
INFO  2026-04-01T20:50:45.259+00:00 runtime-worker(ThreadId(8)) [1P:app/op-app/src/app/backend/lock.rs:213] Lock state changed: Locked
INFO  2026-04-01T20:50:45.259+00:00 runtime-worker(ThreadId(8)) [1P:app/op-app/src/app/backend/lock.rs:248] Locked. Reason: Manual.
INFO  2026-04-01T20:50:45.259+00:00 runtime-worker(ThreadId(4)) [1P:app/op-app/src/app/backend/mycelium/task_management.rs:65] Received a Mycelium channel close request, ignoring request as no task is actively running
INFO  2026-04-01T20:55:16.637+00:00 runtime-worker(ThreadId(10)) [1P:app/op-app/src/app/backend/lock.rs:213] Lock state changed: Locked
INFO  2026-04-01T20:55:16.637+00:00 runtime-worker(ThreadId(10)) [1P:app/op-app/src/app/backend/lock.rs:248] Locked. Reason: Manual.
INFO  2026-04-01T20:55:16.637+00:00 runtime-worker(ThreadId(10)) [1P:app/op-app/src/app/backend/mycelium/task_management.rs:65] Received a Mycelium channel close request, ignoring request as no task is actively running
INFO  2026-04-01T20:59:50.542+00:00 runtime-worker(ThreadId(3)) [1P:app/op-app/src/app/backend/lock.rs:213] Lock state changed: Locked
INFO  2026-04-01T20:59:50.542+00:00 runtime-worker(ThreadId(3)) [1P:app/op-app/src/app/backend/lock.rs:248] Locked. Reason: Manual.
INFO  2026-04-01T20:59:50.542+00:00 runtime-worker(ThreadId(3)) [1P:app/op-app/src/app/backend/mycelium/task_management.rs:65] Received a Mycelium channel close request, ignoring request as no task is actively running
INFO  2026-04-01T21:49:30.331+00:00 runtime-worker(ThreadId(8)) [1P:app/op-app/src/app/backend/lock.rs:213] Lock state changed: Locked
INFO  2026-04-01T21:49:30.331+00:00 runtime-worker(ThreadId(8)) [1P:app/op-app/src/app/backend/lock.rs:248] Locked. Reason: Manual.
INFO  2026-04-01T21:49:30.331+00:00 runtime-worker(ThreadId(9)) [1P:app/op-app/src/app/backend/mycelium/task_management.rs:65] Received a Mycelium channel close request, ignoring request as no task is actively running
INFO  2026-04-01T21:59:30.346+00:00 runtime-worker(ThreadId(7)) [1P:app/op-app/src/app/backend/lock.rs:213] Lock state changed: Locked
INFO  2026-04-01T21:59:30.346+00:00 runtime-worker(ThreadId(7)) [1P:app/op-app/src/app/backend/lock.rs:248] Locked. Reason: Manual.
INFO  2026-04-01T21:59:30.346+00:00 runtime-worker(ThreadId(11)) [1P:app/op-app/src/app/backend/mycelium/task_management.rs:65] Received a Mycelium channel close request, ignoring request as no task is actively running
ERROR 2026-04-01T23:18:53.008+00:00 runtime-worker(ThreadId(9)) [1P:native-messaging/op-native-core-integration/src/connection_handler.rs:92] message from b5x was None: EndConnection
ERROR 2026-04-01T23:18:53.008+00:00 runtime-worker(ThreadId(9)) [1P:native-messaging/op-native-core-integration/src/connection_handler.rs:56] Dropping connection with b5x due to error handling incoming message: EndConnection
ERROR 2026-04-01T23:18:55.023+00:00 ThreadId(1) [1P:op-crash-reporting/src/crash_handler.rs:257] Failed to prepare for requesting dump
